2025-06-21 13:19:18,328 [INFO ] Random seed set as 1
2025-06-21 13:19:18,331 [INFO ] Retrieving data
2025-06-21 13:25:26,685 [INFO ] Random seed set as 1
2025-06-21 13:25:26,685 [INFO ] Retrieving data
2025-06-21 13:26:20,330 [INFO ] Random seed set as 1
2025-06-21 13:26:20,330 [INFO ] Retrieving data
2025-06-21 13:29:44,736 [INFO ] Random seed set as 1
2025-06-21 13:29:44,736 [INFO ] Retrieving data
2025-06-21 13:31:06,039 [INFO ] Random seed set as 1
2025-06-21 13:31:06,040 [INFO ] Retrieving data
2025-06-21 13:31:23,399 [INFO ] Available Edge Features: ['EdgeID', 'from_id', 'to_id', 'Timestamp', 'Amount Sent', 'Sent Currency', 'Amount Received', 'Received Currency', 'Payment Format', 'Is Laundering']
2025-06-21 13:52:16,496 [INFO ] Random seed set as 1
2025-06-21 13:52:16,498 [INFO ] Retrieving data
2025-06-21 13:52:33,446 [INFO ] Available Edge Features: ['EdgeID', 'from_id', 'to_id', 'Timestamp', 'Amount Sent', 'Sent Currency', 'Amount Received', 'Received Currency', 'Payment Format', 'Is Laundering']
2025-06-21 13:56:03,042 [INFO ] Illicit ratio = 5177 / 5078345 = 0.10%
2025-06-21 13:56:03,659 [INFO ] Number of nodes (holdings doing transcations) = 515088
2025-06-21 13:56:03,668 [INFO ] Number of transactions = 5078345
2025-06-21 13:56:03,670 [INFO ] Edge features being used: ['Timestamp', 'Amount Received', 'Received Currency', 'Payment Format']
2025-06-21 13:56:03,670 [INFO ] Node features being used: ['Feature'] ("Feature" is a placeholder feature of all 1s)
2025-06-21 13:56:46,559 [INFO ] number of days and transactions in the data: 18 days, 5078345 transactions
2025-06-21 13:56:47,979 [INFO ] Calculate split: [[0, 1, 2, 3, 4, 5], [6, 7], [8, 9, 10, 11, 12, 13, 14, 15, 16, 17]]
2025-06-21 13:56:48,114 [INFO ] Total train samples: 63.98% || IR: 0.08% || Train days: [0, 1, 2, 3, 4]
2025-06-21 13:56:48,125 [INFO ] Total val samples: 19.01% || IR: 0.11% || Val days: [6, 7]
2025-06-21 13:56:48,132 [INFO ] Total test samples: 17.01% || IR: 0.19% || Test days: [8, 9, 10, 11, 12]
2025-06-21 13:59:10,096 [INFO ] Random seed set as 1
2025-06-21 13:59:10,096 [INFO ] Retrieving data
2025-06-21 13:59:30,110 [INFO ] Available Edge Features: ['EdgeID', 'from_id', 'to_id', 'Timestamp', 'Amount Sent', 'Sent Currency', 'Amount Received', 'Received Currency', 'Payment Format', 'Is Laundering']
2025-06-21 14:01:56,889 [INFO ] Illicit ratio = 5177 / 5078345 = 0.10%
2025-06-21 14:01:56,890 [INFO ] Number of nodes (holdings doing transcations) = 515088
2025-06-21 14:01:56,891 [INFO ] Number of transactions = 5078345
2025-06-21 14:01:56,892 [INFO ] Edge features being used: ['Timestamp', 'Amount Received', 'Received Currency', 'Payment Format']
2025-06-21 14:01:56,892 [INFO ] Node features being used: ['Feature'] ("Feature" is a placeholder feature of all 1s)
2025-06-21 14:02:45,824 [INFO ] number of days and transactions in the data: 18 days, 5078345 transactions
2025-06-21 14:02:47,113 [INFO ] Calculate split: [[0, 1, 2, 3, 4, 5], [6, 7], [8, 9, 10, 11, 12, 13, 14, 15, 16, 17]]
2025-06-21 14:02:47,241 [INFO ] Total train samples: 63.98% || IR: 0.08% || Train days: [0, 1, 2, 3, 4]
2025-06-21 14:02:47,258 [INFO ] Total val samples: 19.01% || IR: 0.11% || Val days: [6, 7]
2025-06-21 14:02:47,268 [INFO ] Total test samples: 17.01% || IR: 0.19% || Test days: [8, 9, 10, 11, 12]
2025-06-21 17:24:50,666 [INFO ] Random seed set as 1
2025-06-21 17:24:50,666 [INFO ] Retrieving data
2025-06-21 17:24:57,806 [INFO ] Available Edge Features: ['EdgeID', 'from_id', 'to_id', 'Timestamp', 'Amount Sent', 'Sent Currency', 'Amount Received', 'Received Currency', 'Payment Format', 'Is Laundering']
2025-06-21 17:27:05,448 [INFO ] Illicit ratio = 5177 / 5078345 = 0.10%
2025-06-21 17:27:05,491 [INFO ] Number of nodes (holdings doing transcations) = 515088
2025-06-21 17:27:05,492 [INFO ] Number of transactions = 5078345
2025-06-21 17:27:05,493 [INFO ] Edge features being used: ['Timestamp', 'Amount Received', 'Received Currency', 'Payment Format']
2025-06-21 17:27:05,494 [INFO ] Node features being used: ['Feature'] ("Feature" is a placeholder feature of all 1s)
2025-06-21 17:27:36,706 [INFO ] number of days and transactions in the data: 18 days, 5078345 transactions
2025-06-21 17:27:37,717 [INFO ] Calculate split: [[0, 1, 2, 3, 4, 5], [6, 7], [8, 9, 10, 11, 12, 13, 14, 15, 16, 17]]
2025-06-21 17:27:38,251 [INFO ] Total train samples: 63.98% || IR: 0.08% || Train days: [0, 1, 2, 3, 4]
2025-06-21 17:27:38,265 [INFO ] Total val samples: 19.01% || IR: 0.11% || Val days: [6, 7]
2025-06-21 17:27:38,272 [INFO ] Total test samples: 17.01% || IR: 0.19% || Test days: [8, 9, 10, 11, 12]
2025-06-21 17:29:11,038 [INFO ] Random seed set as 1
2025-06-21 17:29:11,039 [INFO ] Retrieving data
2025-06-21 17:29:19,319 [INFO ] Available Edge Features: ['EdgeID', 'from_id', 'to_id', 'Timestamp', 'Amount Sent', 'Sent Currency', 'Amount Received', 'Received Currency', 'Payment Format', 'Is Laundering']
2025-06-21 17:31:27,526 [INFO ] Illicit ratio = 5177 / 5078345 = 0.10%
2025-06-21 17:31:27,536 [INFO ] Number of nodes (holdings doing transcations) = 515088
2025-06-21 17:31:27,536 [INFO ] Number of transactions = 5078345
2025-06-21 17:31:27,536 [INFO ] Edge features being used: ['Timestamp', 'Amount Received', 'Received Currency', 'Payment Format']
2025-06-21 17:31:27,536 [INFO ] Node features being used: ['Feature'] ("Feature" is a placeholder feature of all 1s)
2025-06-21 17:31:52,496 [INFO ] number of days and transactions in the data: 18 days, 5078345 transactions
2025-06-21 17:31:53,531 [INFO ] Calculate split: [[0, 1, 2, 3, 4, 5], [6, 7], [8, 9, 10, 11, 12, 13, 14, 15, 16, 17]]
2025-06-21 17:31:53,631 [INFO ] Total train samples: 63.98% || IR: 0.08% || Train days: [0, 1, 2, 3, 4]
2025-06-21 17:31:53,641 [INFO ] Total val samples: 19.01% || IR: 0.11% || Val days: [6, 7]
2025-06-21 17:31:53,649 [INFO ] Total test samples: 17.01% || IR: 0.19% || Test days: [8, 9, 10, 11, 12]
2025-06-21 17:34:15,296 [INFO ] Random seed set as 1
2025-06-21 17:34:15,296 [INFO ] Retrieving data
2025-06-21 17:34:22,560 [INFO ] Available Edge Features: ['EdgeID', 'from_id', 'to_id', 'Timestamp', 'Amount Sent', 'Sent Currency', 'Amount Received', 'Received Currency', 'Payment Format', 'Is Laundering']
2025-06-21 17:36:03,616 [INFO ] Illicit ratio = 5177 / 5078345 = 0.10%
2025-06-21 17:36:03,616 [INFO ] Number of nodes (holdings doing transcations) = 515088
2025-06-21 17:36:03,616 [INFO ] Number of transactions = 5078345
2025-06-21 17:36:03,616 [INFO ] Edge features being used: ['Timestamp', 'Amount Received', 'Received Currency', 'Payment Format']
2025-06-21 17:36:03,616 [INFO ] Node features being used: ['Feature'] ("Feature" is a placeholder feature of all 1s)
2025-06-21 17:36:26,176 [INFO ] number of days and transactions in the data: 18 days, 5078345 transactions
2025-06-21 17:36:26,766 [INFO ] Calculate split: [[0, 1, 2, 3, 4, 5], [6, 7], [8, 9, 10, 11, 12, 13, 14, 15, 16, 17]]
2025-06-21 17:36:26,826 [INFO ] Total train samples: 63.98% || IR: 0.08% || Train days: [0, 1, 2, 3, 4]
2025-06-21 17:36:26,834 [INFO ] Total val samples: 19.01% || IR: 0.11% || Val days: [6, 7]
2025-06-21 17:36:26,841 [INFO ] Total test samples: 17.01% || IR: 0.19% || Test days: [8, 9, 10, 11, 12]
2025-06-21 17:39:51,979 [INFO ] Random seed set as 1
2025-06-21 17:39:51,979 [INFO ] Retrieving data
2025-06-21 17:39:58,870 [INFO ] Available Edge Features: ['EdgeID', 'from_id', 'to_id', 'Timestamp', 'Amount Sent', 'Sent Currency', 'Amount Received', 'Received Currency', 'Payment Format', 'Is Laundering']
2025-06-21 17:41:51,026 [INFO ] Illicit ratio = 5177 / 5078345 = 0.10%
2025-06-21 17:41:51,026 [INFO ] Number of nodes (holdings doing transcations) = 515088
2025-06-21 17:41:51,027 [INFO ] Number of transactions = 5078345
2025-06-21 17:41:51,027 [INFO ] Edge features being used: ['Timestamp', 'Amount Received', 'Received Currency', 'Payment Format']
2025-06-21 17:41:51,027 [INFO ] Node features being used: ['Feature'] ("Feature" is a placeholder feature of all 1s)
2025-06-21 17:42:14,608 [INFO ] number of days and transactions in the data: 18 days, 5078345 transactions
2025-06-21 17:42:15,301 [INFO ] Calculate split: [[0, 1, 2, 3, 4, 5], [6, 7], [8, 9, 10, 11, 12, 13, 14, 15, 16, 17]]
2025-06-21 17:42:15,357 [INFO ] Total train samples: 63.98% || IR: 0.08% || Train days: [0, 1, 2, 3, 4]
2025-06-21 17:42:15,362 [INFO ] Total val samples: 19.01% || IR: 0.11% || Val days: [6, 7]
2025-06-21 17:42:15,374 [INFO ] Total test samples: 17.01% || IR: 0.19% || Test days: [8, 9, 10, 11, 12]
2025-06-21 17:43:36,581 [INFO ] Random seed set as 1
2025-06-21 17:43:36,581 [INFO ] Retrieving data
2025-06-21 17:43:43,806 [INFO ] Available Edge Features: ['EdgeID', 'from_id', 'to_id', 'Timestamp', 'Amount Sent', 'Sent Currency', 'Amount Received', 'Received Currency', 'Payment Format', 'Is Laundering']
2025-06-21 17:45:42,666 [INFO ] Illicit ratio = 5177 / 5078345 = 0.10%
2025-06-21 17:45:42,666 [INFO ] Number of nodes (holdings doing transcations) = 515088
2025-06-21 17:45:42,666 [INFO ] Number of transactions = 5078345
2025-06-21 17:45:42,666 [INFO ] Edge features being used: ['Timestamp', 'Amount Received', 'Received Currency', 'Payment Format']
2025-06-21 17:45:42,666 [INFO ] Node features being used: ['Feature'] ("Feature" is a placeholder feature of all 1s)
2025-06-21 17:46:06,591 [INFO ] number of days and transactions in the data: 18 days, 5078345 transactions
2025-06-21 17:46:07,201 [INFO ] Calculate split: [[0, 1, 2, 3, 4, 5], [6, 7], [8, 9, 10, 11, 12, 13, 14, 15, 16, 17]]
2025-06-21 17:46:07,258 [INFO ] Total train samples: 63.98% || IR: 0.08% || Train days: [0, 1, 2, 3, 4]
2025-06-21 17:46:07,265 [INFO ] Total val samples: 19.01% || IR: 0.11% || Val days: [6, 7]
2025-06-21 17:46:07,271 [INFO ] Total test samples: 17.01% || IR: 0.19% || Test days: [8, 9, 10, 11, 12]
2025-06-21 17:46:10,181 [INFO ] train data object: GraphData(x=[515088, 1], edge_index=[2, 3248921], edge_attr=[3248921, 4], y=[3248921], readout='edge', loss_fn='ce', num_nodes=515088, timestamps=[3248921])
2025-06-21 17:46:10,181 [INFO ] validation data object: GraphData(x=[515088, 1], edge_index=[2, 4214445], edge_attr=[4214445, 4], y=[4214445], readout='edge', loss_fn='ce', num_nodes=515088, timestamps=[4214445])
2025-06-21 17:46:10,181 [INFO ] test data object: GraphData(x=[515088, 1], edge_index=[2, 5078345], edge_attr=[5078345, 4], y=[5078345], readout='edge', loss_fn='ce', num_nodes=515088, timestamps=[5078345])
2025-06-21 17:46:10,236 [INFO ] Retrieved data in 153.65s
2025-06-21 17:46:10,236 [INFO ] Running Training
2025-06-21 22:09:33,542 [INFO ] Random seed set as 1
2025-06-21 22:09:33,542 [INFO ] Retrieving data
2025-06-21 22:09:45,136 [INFO ] Available Edge Features: ['EdgeID', 'from_id', 'to_id', 'Timestamp', 'Amount Sent', 'Sent Currency', 'Amount Received', 'Received Currency', 'Payment Format', 'Is Laundering']
2025-06-21 22:13:13,732 [INFO ] Illicit ratio = 5177 / 5078345 = 0.10%
2025-06-21 22:13:14,157 [INFO ] Number of nodes (holdings doing transcations) = 515088
2025-06-21 22:13:14,161 [INFO ] Number of transactions = 5078345
2025-06-21 22:13:14,165 [INFO ] Edge features being used: ['Timestamp', 'Amount Received', 'Received Currency', 'Payment Format']
2025-06-21 22:13:14,165 [INFO ] Node features being used: ['Feature'] ("Feature" is a placeholder feature of all 1s)
2025-06-21 22:13:55,994 [INFO ] number of days and transactions in the data: 18 days, 5078345 transactions
2025-06-21 22:13:57,561 [INFO ] Calculate split: [[0, 1, 2, 3, 4, 5], [6, 7], [8, 9, 10, 11, 12, 13, 14, 15, 16, 17]]
2025-06-21 22:13:57,679 [INFO ] Total train samples: 63.98% || IR: 0.08% || Train days: [0, 1, 2, 3, 4]
2025-06-21 22:13:57,698 [INFO ] Total val samples: 19.01% || IR: 0.11% || Val days: [6, 7]
2025-06-21 22:13:57,758 [INFO ] Total test samples: 17.01% || IR: 0.19% || Test days: [8, 9, 10, 11, 12]
2025-06-21 22:14:02,911 [INFO ] train data object: GraphData(x=[515088, 1], edge_index=[2, 3248921], edge_attr=[3248921, 4], y=[3248921], readout='edge', loss_fn='ce', num_nodes=515088, timestamps=[3248921])
2025-06-21 22:14:02,922 [INFO ] validation data object: GraphData(x=[515088, 1], edge_index=[2, 4214445], edge_attr=[4214445, 4], y=[4214445], readout='edge', loss_fn='ce', num_nodes=515088, timestamps=[4214445])
2025-06-21 22:14:02,923 [INFO ] test data object: GraphData(x=[515088, 1], edge_index=[2, 5078345], edge_attr=[5078345, 4], y=[5078345], readout='edge', loss_fn='ce', num_nodes=515088, timestamps=[5078345])
2025-06-21 22:14:03,016 [INFO ] Retrieved data in 269.47s
2025-06-21 22:14:03,016 [INFO ] Running Training
2025-06-21 22:22:15,886 [INFO ] Random seed set as 1
2025-06-21 22:22:15,886 [INFO ] Retrieving data
2025-06-21 22:22:26,934 [INFO ] Available Edge Features: ['EdgeID', 'from_id', 'to_id', 'Timestamp', 'Amount Sent', 'Sent Currency', 'Amount Received', 'Received Currency', 'Payment Format', 'Is Laundering']
2025-06-21 22:25:39,432 [INFO ] Illicit ratio = 5177 / 5078345 = 0.10%
2025-06-21 22:25:39,452 [INFO ] Number of nodes (holdings doing transcations) = 515088
2025-06-21 22:25:39,452 [INFO ] Number of transactions = 5078345
2025-06-21 22:25:39,453 [INFO ] Edge features being used: ['Timestamp', 'Amount Received', 'Received Currency', 'Payment Format']
2025-06-21 22:25:39,453 [INFO ] Node features being used: ['Feature'] ("Feature" is a placeholder feature of all 1s)
2025-06-21 22:26:20,945 [INFO ] number of days and transactions in the data: 18 days, 5078345 transactions
2025-06-21 22:26:22,186 [INFO ] Calculate split: [[0, 1, 2, 3, 4, 5], [6, 7], [8, 9, 10, 11, 12, 13, 14, 15, 16, 17]]
2025-06-21 22:26:22,301 [INFO ] Total train samples: 63.98% || IR: 0.08% || Train days: [0, 1, 2, 3, 4]
2025-06-21 22:26:22,323 [INFO ] Total val samples: 19.01% || IR: 0.11% || Val days: [6, 7]
2025-06-21 22:26:22,336 [INFO ] Total test samples: 17.01% || IR: 0.19% || Test days: [8, 9, 10, 11, 12]
2025-06-21 22:26:25,486 [INFO ] train data object: GraphData(x=[515088, 1], edge_index=[2, 3248921], edge_attr=[3248921, 4], y=[3248921], readout='edge', loss_fn='ce', num_nodes=515088, timestamps=[3248921])
2025-06-21 22:26:25,486 [INFO ] validation data object: GraphData(x=[515088, 1], edge_index=[2, 4214445], edge_attr=[4214445, 4], y=[4214445], readout='edge', loss_fn='ce', num_nodes=515088, timestamps=[4214445])
2025-06-21 22:26:25,486 [INFO ] test data object: GraphData(x=[515088, 1], edge_index=[2, 5078345], edge_attr=[5078345, 4], y=[5078345], readout='edge', loss_fn='ce', num_nodes=515088, timestamps=[5078345])
2025-06-21 22:26:25,581 [INFO ] Retrieved data in 249.70s
2025-06-21 22:26:25,581 [INFO ] Running Training
2025-06-21 22:36:00,756 [INFO ] Random seed set as 1
2025-06-21 22:36:00,763 [INFO ] Retrieving data
2025-06-21 22:36:10,952 [INFO ] Available Edge Features: ['EdgeID', 'from_id', 'to_id', 'Timestamp', 'Amount Sent', 'Sent Currency', 'Amount Received', 'Received Currency', 'Payment Format', 'Is Laundering']
2025-06-21 22:39:25,756 [INFO ] Illicit ratio = 5177 / 5078345 = 0.10%
2025-06-21 22:39:25,850 [INFO ] Number of nodes (holdings doing transcations) = 515088
2025-06-21 22:39:25,851 [INFO ] Number of transactions = 5078345
2025-06-21 22:39:25,852 [INFO ] Edge features being used: ['Timestamp', 'Amount Received', 'Received Currency', 'Payment Format']
2025-06-21 22:39:25,852 [INFO ] Node features being used: ['Feature'] ("Feature" is a placeholder feature of all 1s)
2025-06-21 22:40:08,160 [INFO ] number of days and transactions in the data: 18 days, 5078345 transactions
2025-06-21 22:40:09,394 [INFO ] Calculate split: [[0, 1, 2, 3, 4, 5], [6, 7], [8, 9, 10, 11, 12, 13, 14, 15, 16, 17]]
2025-06-21 22:40:10,768 [INFO ] Total train samples: 63.98% || IR: 0.08% || Train days: [0, 1, 2, 3, 4]
2025-06-21 22:40:10,779 [INFO ] Total val samples: 19.01% || IR: 0.11% || Val days: [6, 7]
2025-06-21 22:40:10,790 [INFO ] Total test samples: 17.01% || IR: 0.19% || Test days: [8, 9, 10, 11, 12]
2025-06-21 22:40:14,266 [INFO ] train data object: GraphData(x=[515088, 1], edge_index=[2, 3248921], edge_attr=[3248921, 4], y=[3248921], readout='edge', loss_fn='ce', num_nodes=515088, timestamps=[3248921])
2025-06-21 22:40:14,267 [INFO ] validation data object: GraphData(x=[515088, 1], edge_index=[2, 4214445], edge_attr=[4214445, 4], y=[4214445], readout='edge', loss_fn='ce', num_nodes=515088, timestamps=[4214445])
2025-06-21 22:40:14,268 [INFO ] test data object: GraphData(x=[515088, 1], edge_index=[2, 5078345], edge_attr=[5078345, 4], y=[5078345], readout='edge', loss_fn='ce', num_nodes=515088, timestamps=[5078345])
2025-06-21 22:40:14,506 [INFO ] Retrieved data in 253.74s
2025-06-21 22:40:14,506 [INFO ] Running Training
2025-06-21 22:42:18,067 [INFO ] Random seed set as 1
2025-06-21 22:42:18,067 [INFO ] Retrieving data
2025-06-21 22:42:18,189 [INFO ] Available Edge Features: ['EdgeID', 'from_id', 'to_id', 'Timestamp', 'Amount Sent', 'Sent Currency', 'Amount Received', 'Received Currency', 'Payment Format', 'Is Laundering']
2025-06-21 22:42:18,234 [INFO ] Illicit ratio = 0 / 6 = 0.00%
2025-06-21 22:42:18,234 [INFO ] Number of nodes (holdings doing transcations) = 262829
2025-06-21 22:42:18,235 [INFO ] Number of transactions = 6
2025-06-21 22:42:18,235 [INFO ] Edge features being used: ['Timestamp', 'Amount Received', 'Received Currency', 'Payment Format']
2025-06-21 22:42:18,236 [INFO ] Node features being used: ['Feature'] ("Feature" is a placeholder feature of all 1s)
2025-06-21 22:42:19,236 [INFO ] number of days and transactions in the data: 1 days, 6 transactions
2025-06-21 22:48:01,721 [INFO ] Random seed set as 1
2025-06-21 22:48:01,721 [INFO ] Retrieving data
2025-06-21 22:48:01,903 [INFO ] Available Edge Features: ['EdgeID', 'from_id', 'to_id', 'Timestamp', 'Amount Sent', 'Sent Currency', 'Amount Received', 'Received Currency', 'Payment Format', 'Is Laundering']
2025-06-21 22:48:03,946 [INFO ] Illicit ratio = 7 / 82568 = 0.01%
2025-06-21 22:48:03,946 [INFO ] Number of nodes (holdings doing transcations) = 265215
2025-06-21 22:48:03,946 [INFO ] Number of transactions = 82568
2025-06-21 22:48:03,946 [INFO ] Edge features being used: ['Timestamp', 'Amount Received', 'Received Currency', 'Payment Format']
2025-06-21 22:48:03,946 [INFO ] Node features being used: ['Feature'] ("Feature" is a placeholder feature of all 1s)
2025-06-21 22:48:05,244 [INFO ] number of days and transactions in the data: 1 days, 82568 transactions
2025-06-21 22:51:54,218 [INFO ] Random seed set as 1
2025-06-21 22:51:54,219 [INFO ] Retrieving data
2025-06-21 22:51:54,452 [INFO ] Available Edge Features: ['EdgeID', 'from_id', 'to_id', 'Timestamp', 'Amount Sent', 'Sent Currency', 'Amount Received', 'Received Currency', 'Payment Format', 'Is Laundering']
2025-06-21 22:51:57,156 [INFO ] Illicit ratio = 7 / 82568 = 0.01%
2025-06-21 22:51:57,188 [INFO ] Number of nodes (holdings doing transcations) = 265215
2025-06-21 22:51:57,228 [INFO ] Number of transactions = 82568
2025-06-21 22:51:57,241 [INFO ] Edge features being used: ['Timestamp', 'Amount Received', 'Received Currency', 'Payment Format']
2025-06-21 22:51:57,246 [INFO ] Node features being used: ['Feature'] ("Feature" is a placeholder feature of all 1s)
2025-06-21 22:51:58,878 [INFO ] number of days and transactions in the data: 1 days, 82568 transactions
2025-06-21 22:53:02,681 [INFO ] Random seed set as 1
2025-06-21 22:53:02,682 [INFO ] Retrieving data
2025-06-21 22:53:02,849 [INFO ] Available Edge Features: ['EdgeID', 'from_id', 'to_id', 'Timestamp', 'Amount Sent', 'Sent Currency', 'Amount Received', 'Received Currency', 'Payment Format', 'Is Laundering']
2025-06-21 22:53:04,844 [INFO ] Illicit ratio = 7 / 82568 = 0.01%
2025-06-21 22:53:04,845 [INFO ] Number of nodes (holdings doing transcations) = 265215
2025-06-21 22:53:04,846 [INFO ] Number of transactions = 82568
2025-06-21 22:53:04,846 [INFO ] Edge features being used: ['Timestamp', 'Amount Received', 'Received Currency', 'Payment Format']
2025-06-21 22:53:04,847 [INFO ] Node features being used: ['Feature'] ("Feature" is a placeholder feature of all 1s)
2025-06-21 22:53:06,470 [INFO ] number of days and transactions in the data: 1 days, 82568 transactions
2025-06-21 22:54:21,536 [INFO ] Random seed set as 1
2025-06-21 22:54:21,537 [INFO ] Retrieving data
2025-06-21 22:54:21,885 [INFO ] Available Edge Features: ['EdgeID', 'from_id', 'to_id', 'Timestamp', 'Amount Sent', 'Sent Currency', 'Amount Received', 'Received Currency', 'Payment Format', 'Is Laundering']
2025-06-21 22:54:24,237 [INFO ] Illicit ratio = 7 / 82581 = 0.01%
2025-06-21 22:54:24,237 [INFO ] Number of nodes (holdings doing transcations) = 420893
2025-06-21 22:54:24,238 [INFO ] Number of transactions = 82581
2025-06-21 22:54:24,238 [INFO ] Edge features being used: ['Timestamp', 'Amount Received', 'Received Currency', 'Payment Format']
2025-06-21 22:54:24,239 [INFO ] Node features being used: ['Feature'] ("Feature" is a placeholder feature of all 1s)
2025-06-21 22:54:26,180 [INFO ] number of days and transactions in the data: 1 days, 82581 transactions
2025-06-21 22:55:42,356 [INFO ] Random seed set as 1
2025-06-21 22:55:42,356 [INFO ] Retrieving data
2025-06-21 22:55:42,581 [INFO ] Available Edge Features: ['EdgeID', 'from_id', 'to_id', 'Timestamp', 'Amount Sent', 'Sent Currency', 'Amount Received', 'Received Currency', 'Payment Format', 'Is Laundering']
2025-06-21 22:55:45,221 [INFO ] Illicit ratio = 7 / 82581 = 0.01%
2025-06-21 22:55:45,221 [INFO ] Number of nodes (holdings doing transcations) = 420893
2025-06-21 22:55:45,221 [INFO ] Number of transactions = 82581
2025-06-21 22:55:45,221 [INFO ] Edge features being used: ['Timestamp', 'Amount Received', 'Received Currency', 'Payment Format']
2025-06-21 22:55:45,221 [INFO ] Node features being used: ['Feature'] ("Feature" is a placeholder feature of all 1s)
2025-06-21 22:55:47,145 [INFO ] number of days and transactions in the data: 1 days, 82581 transactions
2025-06-21 22:56:32,421 [INFO ] Random seed set as 1
2025-06-21 22:56:32,421 [INFO ] Retrieving data
2025-06-21 22:56:32,571 [INFO ] Available Edge Features: ['EdgeID', 'from_id', 'to_id', 'Timestamp', 'Amount Sent', 'Sent Currency', 'Amount Received', 'Received Currency', 'Payment Format', 'Is Laundering']
2025-06-21 22:56:34,273 [INFO ] Illicit ratio = 7 / 82581 = 0.01%
2025-06-21 22:56:34,274 [INFO ] Number of nodes (holdings doing transcations) = 420893
2025-06-21 22:56:34,275 [INFO ] Number of transactions = 82581
2025-06-21 22:56:34,275 [INFO ] Edge features being used: ['Timestamp', 'Amount Received', 'Received Currency', 'Payment Format']
2025-06-21 22:56:34,278 [INFO ] Node features being used: ['Feature'] ("Feature" is a placeholder feature of all 1s)
2025-06-21 22:56:36,341 [INFO ] number of days and transactions in the data: 1 days, 82581 transactions
2025-06-21 22:58:31,241 [INFO ] Random seed set as 1
2025-06-21 22:58:31,244 [INFO ] Retrieving data
2025-06-21 22:58:33,019 [INFO ] Available Edge Features: ['EdgeID', 'from_id', 'to_id', 'Timestamp', 'Amount Sent', 'Sent Currency', 'Amount Received', 'Received Currency', 'Payment Format', 'Is Laundering']
2025-06-21 22:58:59,468 [INFO ] Illicit ratio = 274 / 993602 = 0.03%
2025-06-21 22:58:59,468 [INFO ] Number of nodes (holdings doing transcations) = 423458
2025-06-21 22:58:59,468 [INFO ] Number of transactions = 993602
2025-06-21 22:58:59,468 [INFO ] Edge features being used: ['Timestamp', 'Amount Received', 'Received Currency', 'Payment Format']
2025-06-21 22:58:59,469 [INFO ] Node features being used: ['Feature'] ("Feature" is a placeholder feature of all 1s)
2025-06-21 22:59:07,318 [INFO ] number of days and transactions in the data: 1 days, 993602 transactions
2025-06-21 23:01:04,273 [INFO ] Random seed set as 1
2025-06-21 23:01:04,274 [INFO ] Retrieving data
2025-06-21 23:01:06,207 [INFO ] Available Edge Features: ['EdgeID', 'from_id', 'to_id', 'Timestamp', 'Amount Sent', 'Sent Currency', 'Amount Received', 'Received Currency', 'Payment Format', 'Is Laundering']
2025-06-21 23:01:32,215 [INFO ] Illicit ratio = 274 / 993602 = 0.03%
2025-06-21 23:01:32,216 [INFO ] Number of nodes (holdings doing transcations) = 423458
2025-06-21 23:01:32,216 [INFO ] Number of transactions = 993602
2025-06-21 23:01:32,217 [INFO ] Edge features being used: ['Timestamp', 'Amount Received', 'Received Currency', 'Payment Format']
2025-06-21 23:01:32,217 [INFO ] Node features being used: ['Feature'] ("Feature" is a placeholder feature of all 1s)
2025-06-21 23:01:38,855 [INFO ] number of days and transactions in the data: 1 days, 993602 transactions
2025-06-21 23:03:31,497 [INFO ] Random seed set as 1
2025-06-21 23:03:31,500 [INFO ] Retrieving data
2025-06-21 23:03:38,698 [INFO ] Available Edge Features: ['EdgeID', 'from_id', 'to_id', 'Timestamp', 'Amount Sent', 'Sent Currency', 'Amount Received', 'Received Currency', 'Payment Format', 'Is Laundering']
2025-06-21 23:04:44,992 [INFO ] Illicit ratio = 274 / 993602 = 0.03%
2025-06-21 23:04:45,001 [INFO ] Number of nodes (holdings doing transcations) = 423458
2025-06-21 23:04:45,001 [INFO ] Number of transactions = 993602
2025-06-21 23:04:45,001 [INFO ] Edge features being used: ['Timestamp', 'Amount Received', 'Received Currency', 'Payment Format']
2025-06-21 23:04:45,001 [INFO ] Node features being used: ['Feature'] ("Feature" is a placeholder feature of all 1s)
2025-06-21 23:04:53,985 [INFO ] number of days and transactions in the data: 1 days, 993602 transactions
2025-06-21 23:07:07,682 [INFO ] Random seed set as 1
2025-06-21 23:07:07,682 [INFO ] Retrieving data
2025-06-21 23:07:09,111 [INFO ] Available Edge Features: ['EdgeID', 'from_id', 'to_id', 'Timestamp', 'Amount Sent', 'Sent Currency', 'Amount Received', 'Received Currency', 'Payment Format', 'Is Laundering']
2025-06-21 23:07:33,511 [INFO ] Illicit ratio = 274 / 993602 = 0.03%
2025-06-21 23:07:33,511 [INFO ] Number of nodes (holdings doing transcations) = 423458
2025-06-21 23:07:33,511 [INFO ] Number of transactions = 993602
2025-06-21 23:07:33,511 [INFO ] Edge features being used: ['Timestamp', 'Amount Received', 'Received Currency', 'Payment Format']
2025-06-21 23:07:33,511 [INFO ] Node features being used: ['Feature'] ("Feature" is a placeholder feature of all 1s)
2025-06-21 23:07:39,641 [INFO ] number of days and transactions in the data: 1 days, 993602 transactions
2025-06-21 23:09:04,541 [INFO ] Random seed set as 1
2025-06-21 23:09:04,541 [INFO ] Retrieving data
2025-06-21 23:09:04,726 [INFO ] Available Edge Features: ['EdgeID', 'from_id', 'to_id', 'Timestamp', 'Amount Sent', 'Sent Currency', 'Amount Received', 'Received Currency', 'Payment Format', 'Is Laundering']
2025-06-21 23:09:06,721 [INFO ] Illicit ratio = 7 / 95048 = 0.01%
2025-06-21 23:09:06,721 [INFO ] Number of nodes (holdings doing transcations) = 265215
2025-06-21 23:09:06,721 [INFO ] Number of transactions = 95048
2025-06-21 23:09:06,721 [INFO ] Edge features being used: ['Timestamp', 'Amount Received', 'Received Currency', 'Payment Format']
2025-06-21 23:09:06,721 [INFO ] Node features being used: ['Feature'] ("Feature" is a placeholder feature of all 1s)
2025-06-21 23:09:07,943 [INFO ] number of days and transactions in the data: 1 days, 95048 transactions
2025-06-21 23:09:51,818 [INFO ] Random seed set as 1
2025-06-21 23:09:51,818 [INFO ] Retrieving data
2025-06-21 23:09:52,006 [INFO ] Available Edge Features: ['EdgeID', 'from_id', 'to_id', 'Timestamp', 'Amount Sent', 'Sent Currency', 'Amount Received', 'Received Currency', 'Payment Format', 'Is Laundering']
2025-06-21 23:09:55,153 [INFO ] Illicit ratio = 7 / 95048 = 0.01%
2025-06-21 23:09:55,154 [INFO ] Number of nodes (holdings doing transcations) = 265215
2025-06-21 23:09:55,155 [INFO ] Number of transactions = 95048
2025-06-21 23:09:55,156 [INFO ] Edge features being used: ['Timestamp', 'Amount Received', 'Received Currency', 'Payment Format']
2025-06-21 23:09:55,156 [INFO ] Node features being used: ['Feature'] ("Feature" is a placeholder feature of all 1s)
2025-06-21 23:09:57,505 [INFO ] number of days and transactions in the data: 1 days, 95048 transactions
2025-06-21 23:10:40,594 [INFO ] Random seed set as 1
2025-06-21 23:10:40,594 [INFO ] Retrieving data
2025-06-21 23:10:40,760 [INFO ] Available Edge Features: ['EdgeID', 'from_id', 'to_id', 'Timestamp', 'Amount Sent', 'Sent Currency', 'Amount Received', 'Received Currency', 'Payment Format', 'Is Laundering']
2025-06-21 23:10:42,670 [INFO ] Illicit ratio = 7 / 95048 = 0.01%
2025-06-21 23:10:42,670 [INFO ] Number of nodes (holdings doing transcations) = 265215
2025-06-21 23:10:42,670 [INFO ] Number of transactions = 95048
2025-06-21 23:10:42,670 [INFO ] Edge features being used: ['Timestamp', 'Amount Received', 'Received Currency', 'Payment Format']
2025-06-21 23:10:42,670 [INFO ] Node features being used: ['Feature'] ("Feature" is a placeholder feature of all 1s)
2025-06-21 23:10:43,793 [INFO ] number of days and transactions in the data: 1 days, 95048 transactions
2025-06-21 23:11:35,467 [INFO ] Random seed set as 1
2025-06-21 23:11:35,467 [INFO ] Retrieving data
2025-06-21 23:11:35,659 [INFO ] Available Edge Features: ['EdgeID', 'from_id', 'to_id', 'Timestamp', 'Amount Sent', 'Sent Currency', 'Amount Received', 'Received Currency', 'Payment Format', 'Is Laundering']
2025-06-21 23:11:38,734 [INFO ] Illicit ratio = 7 / 95048 = 0.01%
2025-06-21 23:11:38,735 [INFO ] Number of nodes (holdings doing transcations) = 265215
2025-06-21 23:11:38,736 [INFO ] Number of transactions = 95048
2025-06-21 23:11:38,736 [INFO ] Edge features being used: ['Timestamp', 'Amount Received', 'Received Currency', 'Payment Format']
2025-06-21 23:11:38,737 [INFO ] Node features being used: ['Feature'] ("Feature" is a placeholder feature of all 1s)
2025-06-21 23:11:40,812 [INFO ] number of days and transactions in the data: 1 days, 95048 transactions
2025-06-21 23:13:52,475 [INFO ] Random seed set as 1
2025-06-21 23:13:52,475 [INFO ] Retrieving data
2025-06-21 23:13:52,609 [INFO ] Available Edge Features: ['EdgeID', 'from_id', 'to_id', 'Timestamp', 'Amount Sent', 'Sent Currency', 'Amount Received', 'Received Currency', 'Payment Format', 'Is Laundering']
2025-06-21 23:13:55,657 [INFO ] Illicit ratio = 7 / 95048 = 0.01%
2025-06-21 23:13:55,657 [INFO ] Number of nodes (holdings doing transcations) = 265215
2025-06-21 23:13:55,657 [INFO ] Number of transactions = 95048
2025-06-21 23:13:55,657 [INFO ] Edge features being used: ['Timestamp', 'Amount Received', 'Received Currency', 'Payment Format']
2025-06-21 23:13:55,657 [INFO ] Node features being used: ['Feature'] ("Feature" is a placeholder feature of all 1s)
2025-06-21 23:13:57,770 [INFO ] number of days and transactions in the data: 1 days, 95048 transactions
2025-06-21 23:14:42,360 [INFO ] Random seed set as 1
2025-06-21 23:14:42,360 [INFO ] Retrieving data
2025-06-21 23:14:42,543 [INFO ] Available Edge Features: ['EdgeID', 'from_id', 'to_id', 'Timestamp', 'Amount Sent', 'Sent Currency', 'Amount Received', 'Received Currency', 'Payment Format', 'Is Laundering']
2025-06-21 23:14:44,645 [INFO ] Illicit ratio = 7 / 95048 = 0.01%
2025-06-21 23:14:44,645 [INFO ] Number of nodes (holdings doing transcations) = 265215
2025-06-21 23:14:44,645 [INFO ] Number of transactions = 95048
2025-06-21 23:14:44,645 [INFO ] Edge features being used: ['Timestamp', 'Amount Received', 'Received Currency', 'Payment Format']
2025-06-21 23:14:44,645 [INFO ] Node features being used: ['Feature'] ("Feature" is a placeholder feature of all 1s)
2025-06-21 23:14:46,110 [INFO ] number of days and transactions in the data: 1 days, 95048 transactions
2025-06-21 23:21:09,059 [INFO ] Random seed set as 1
2025-06-21 23:21:09,059 [INFO ] Retrieving data
2025-06-21 23:21:09,209 [INFO ] Available Edge Features: ['EdgeID', 'from_id', 'to_id', 'Timestamp', 'Amount Sent', 'Sent Currency', 'Amount Received', 'Received Currency', 'Payment Format', 'Is Laundering']
2025-06-21 23:21:09,295 [INFO ] Illicit ratio = 0 / 3539 = 0.00%
2025-06-21 23:21:09,295 [INFO ] Number of nodes (holdings doing transcations) = 265209
2025-06-21 23:21:09,295 [INFO ] Number of transactions = 3539
2025-06-21 23:21:09,295 [INFO ] Edge features being used: ['Timestamp', 'Amount Received', 'Received Currency', 'Payment Format']
2025-06-21 23:21:09,295 [INFO ] Node features being used: ['Feature'] ("Feature" is a placeholder feature of all 1s)
2025-06-21 23:21:10,050 [INFO ] number of days and transactions in the data: 1 days, 3539 transactions
2025-06-21 23:23:52,453 [INFO ] Calculate split: [[0], [1], []]
2025-06-21 23:26:51,150 [INFO ] Random seed set as 1
2025-06-21 23:26:51,151 [INFO ] Retrieving data
2025-06-21 23:26:51,163 [INFO ] Available Edge Features: ['EdgeID', 'from_id', 'to_id', 'Timestamp', 'Amount Sent', 'Sent Currency', 'Amount Received', 'Received Currency', 'Payment Format', 'Is Laundering']
2025-06-21 23:26:51,262 [INFO ] Illicit ratio = 0 / 3539 = 0.00%
2025-06-21 23:26:51,262 [INFO ] Number of nodes (holdings doing transcations) = 265209
2025-06-21 23:26:51,262 [INFO ] Number of transactions = 3539
2025-06-21 23:26:51,262 [INFO ] Edge features being used: ['Timestamp', 'Amount Received', 'Received Currency', 'Payment Format']
2025-06-21 23:26:51,262 [INFO ] Node features being used: ['Feature'] ("Feature" is a placeholder feature of all 1s)
2025-06-21 23:26:52,109 [INFO ] number of days and transactions in the data: 1 days, 3539 transactions
2025-06-21 23:29:49,058 [INFO ] Calculate split: [[0], [1], []]
2025-06-21 23:31:57,690 [INFO ] Random seed set as 1
2025-06-21 23:31:57,690 [INFO ] Retrieving data
2025-06-21 23:31:57,718 [INFO ] Available Edge Features: ['EdgeID', 'from_id', 'to_id', 'Timestamp', 'Amount Sent', 'Sent Currency', 'Amount Received', 'Received Currency', 'Payment Format', 'Is Laundering']
2025-06-21 23:31:57,734 [INFO ] Illicit ratio = 0 / 99 = 0.00%
2025-06-21 23:31:57,734 [INFO ] Number of nodes (holdings doing transcations) = 263459
2025-06-21 23:31:57,735 [INFO ] Number of transactions = 99
2025-06-21 23:31:57,736 [INFO ] Edge features being used: ['Timestamp', 'Amount Received', 'Received Currency', 'Payment Format']
2025-06-21 23:31:57,737 [INFO ] Node features being used: ['Feature'] ("Feature" is a placeholder feature of all 1s)
2025-06-21 23:31:58,459 [INFO ] number of days and transactions in the data: 1 days, 99 transactions
2025-06-21 23:31:58,576 [INFO ] Calculate split: [[0], [1], []]
2025-06-21 23:32:40,748 [INFO ] Random seed set as 1
2025-06-21 23:32:40,748 [INFO ] Retrieving data
2025-06-21 23:32:40,763 [INFO ] Available Edge Features: ['EdgeID', 'from_id', 'to_id', 'Timestamp', 'Amount Sent', 'Sent Currency', 'Amount Received', 'Received Currency', 'Payment Format', 'Is Laundering']
2025-06-21 23:32:40,777 [INFO ] Illicit ratio = 0 / 99 = 0.00%
2025-06-21 23:32:40,777 [INFO ] Number of nodes (holdings doing transcations) = 263459
2025-06-21 23:32:40,780 [INFO ] Number of transactions = 99
2025-06-21 23:32:40,780 [INFO ] Edge features being used: ['Timestamp', 'Amount Received', 'Received Currency', 'Payment Format']
2025-06-21 23:32:40,781 [INFO ] Node features being used: ['Feature'] ("Feature" is a placeholder feature of all 1s)
2025-06-21 23:32:41,507 [INFO ] number of days and transactions in the data: 1 days, 99 transactions
2025-06-21 23:32:41,626 [INFO ] Calculate split: [[0], [1], []]
2025-06-21 23:56:52,711 [INFO ] Random seed set as 1
2025-06-21 23:56:52,711 [INFO ] Retrieving data
2025-06-21 23:56:52,716 [INFO ] Available Edge Features: ['EdgeID', 'from_id', 'to_id', 'Timestamp', 'Amount Sent', 'Sent Currency', 'Amount Received', 'Received Currency', 'Payment Format', 'Is Laundering']
2025-06-21 23:56:52,736 [INFO ] Illicit ratio = 0 / 99 = 0.00%
2025-06-21 23:56:52,738 [INFO ] Number of nodes (holdings doing transcations) = 263459
2025-06-21 23:56:52,738 [INFO ] Number of transactions = 99
2025-06-21 23:56:52,739 [INFO ] Edge features being used: ['Timestamp', 'Amount Received', 'Received Currency', 'Payment Format']
2025-06-21 23:56:52,740 [INFO ] Node features being used: ['Feature'] ("Feature" is a placeholder feature of all 1s)
2025-06-21 23:57:52,360 [INFO ] Random seed set as 1
2025-06-21 23:57:52,362 [INFO ] Retrieving data
2025-06-21 23:57:52,370 [INFO ] Available Edge Features: ['EdgeID', 'from_id', 'to_id', 'Timestamp', 'Amount Sent', 'Sent Currency', 'Amount Received', 'Received Currency', 'Payment Format', 'Is Laundering']
2025-06-21 23:57:52,381 [INFO ] Illicit ratio = 0 / 99 = 0.00%
2025-06-21 23:57:52,384 [INFO ] Number of nodes (holdings doing transcations) = 263459
2025-06-21 23:57:52,385 [INFO ] Number of transactions = 99
2025-06-21 23:57:52,386 [INFO ] Edge features being used: ['Timestamp', 'Amount Received', 'Received Currency', 'Payment Format']
2025-06-21 23:57:52,387 [INFO ] Node features being used: ['Feature'] ("Feature" is a placeholder feature of all 1s)
2025-06-21 23:58:47,928 [INFO ] Random seed set as 1
2025-06-21 23:58:47,929 [INFO ] Retrieving data
2025-06-21 23:58:47,934 [INFO ] Available Edge Features: ['EdgeID', 'from_id', 'to_id', 'Timestamp', 'Amount Sent', 'Sent Currency', 'Amount Received', 'Received Currency', 'Payment Format', 'Is Laundering']
2025-06-21 23:58:47,961 [INFO ] Illicit ratio = 0 / 99 = 0.00%
2025-06-21 23:58:47,962 [INFO ] Number of nodes (holdings doing transcations) = 263459
2025-06-21 23:58:47,964 [INFO ] Number of transactions = 99
2025-06-21 23:58:47,964 [INFO ] Edge features being used: ['Timestamp', 'Amount Received', 'Received Currency', 'Payment Format']
2025-06-21 23:58:47,965 [INFO ] Node features being used: ['Feature'] ("Feature" is a placeholder feature of all 1s)
2025-06-21 23:58:49,109 [INFO ] number of days and transactions in the data: 1 days, 99 transactions
2025-06-21 23:59:42,677 [INFO ] Random seed set as 1
2025-06-21 23:59:42,678 [INFO ] Retrieving data
2025-06-21 23:59:42,684 [INFO ] Available Edge Features: ['EdgeID', 'from_id', 'to_id', 'Timestamp', 'Amount Sent', 'Sent Currency', 'Amount Received', 'Received Currency', 'Payment Format', 'Is Laundering']
2025-06-21 23:59:42,695 [INFO ] Illicit ratio = 0 / 99 = 0.00%
2025-06-21 23:59:42,695 [INFO ] Number of nodes (holdings doing transcations) = 263459
2025-06-21 23:59:42,696 [INFO ] Number of transactions = 99
2025-06-21 23:59:42,697 [INFO ] Edge features being used: ['Timestamp', 'Amount Received', 'Received Currency', 'Payment Format']
2025-06-21 23:59:42,698 [INFO ] Node features being used: ['Feature'] ("Feature" is a placeholder feature of all 1s)
2025-06-21 23:59:43,619 [INFO ] number of days and transactions in the data: 1 days, 99 transactions
2025-06-22 00:00:31,468 [INFO ] Random seed set as 1
2025-06-22 00:00:31,468 [INFO ] Retrieving data
2025-06-22 00:00:31,476 [INFO ] Available Edge Features: ['EdgeID', 'from_id', 'to_id', 'Timestamp', 'Amount Sent', 'Sent Currency', 'Amount Received', 'Received Currency', 'Payment Format', 'Is Laundering']
2025-06-22 00:00:31,490 [INFO ] Illicit ratio = 0 / 99 = 0.00%
2025-06-22 00:00:31,490 [INFO ] Number of nodes (holdings doing transcations) = 263459
2025-06-22 00:00:31,493 [INFO ] Number of transactions = 99
2025-06-22 00:00:31,494 [INFO ] Edge features being used: ['Timestamp', 'Amount Received', 'Received Currency', 'Payment Format']
2025-06-22 00:00:31,495 [INFO ] Node features being used: ['Feature'] ("Feature" is a placeholder feature of all 1s)
2025-06-22 00:00:32,477 [INFO ] number of days and transactions in the data: 1 days, 99 transactions
2025-06-22 00:08:32,757 [INFO ] Random seed set as 1
2025-06-22 00:08:32,777 [INFO ] Retrieving data
2025-06-22 00:08:40,363 [INFO ] Available Edge Features: ['EdgeID', 'from_id', 'to_id', 'Timestamp', 'Amount Sent', 'Sent Currency', 'Amount Received', 'Received Currency', 'Payment Format', 'Is Laundering']
2025-06-22 00:11:06,236 [INFO ] Illicit ratio = 5177 / 5078345 = 0.10%
2025-06-22 00:11:06,936 [INFO ] Number of nodes (holdings doing transcations) = 515088
2025-06-22 00:11:06,937 [INFO ] Number of transactions = 5078345
2025-06-22 00:11:07,016 [INFO ] Edge features being used: ['Timestamp', 'Amount Received', 'Received Currency', 'Payment Format']
2025-06-22 00:11:07,017 [INFO ] Node features being used: ['Feature'] ("Feature" is a placeholder feature of all 1s)
2025-06-22 00:11:43,397 [INFO ] number of days and transactions in the data: 19 days, 5078345 transactions
2025-06-22 00:11:44,149 [INFO ] Calculate split: [[0, 1, 2, 3, 4, 5], [6, 7], [8, 9, 10, 11, 12, 13, 14, 15, 16, 17, 18]]
2025-06-22 00:11:45,053 [INFO ] Total train samples: 63.98% || IR: 0.08% || Train days: [0, 1, 2, 3, 4]
2025-06-22 00:11:45,065 [INFO ] Total val samples: 19.01% || IR: 0.11% || Val days: [6, 7]
2025-06-22 00:11:45,072 [INFO ] Total test samples: 17.01% || IR: 0.19% || Test days: [8, 9, 10, 11, 12]
2025-06-22 00:11:49,241 [INFO ] train data object: GraphData(x=[515088, 1], edge_index=[2, 3248921], edge_attr=[3248921, 4], y=[3248921], readout='edge', loss_fn='ce', num_nodes=515088, timestamps=[3248921])
2025-06-22 00:11:49,241 [INFO ] validation data object: GraphData(x=[515088, 1], edge_index=[2, 4214445], edge_attr=[4214445, 4], y=[4214445], readout='edge', loss_fn='ce', num_nodes=515088, timestamps=[4214445])
2025-06-22 00:11:49,242 [INFO ] test data object: GraphData(x=[515088, 1], edge_index=[2, 5078345], edge_attr=[5078345, 4], y=[5078345], readout='edge', loss_fn='ce', num_nodes=515088, timestamps=[5078345])
2025-06-22 00:11:49,372 [INFO ] Retrieved data in 196.59s
2025-06-22 00:11:49,373 [INFO ] Running Training
2025-06-22 00:22:21,252 [INFO ] Random seed set as 1
2025-06-22 00:22:21,253 [INFO ] Retrieving data
2025-06-22 00:22:31,466 [INFO ] Available Edge Features: ['EdgeID', 'from_id', 'to_id', 'Timestamp', 'Amount Sent', 'Sent Currency', 'Amount Received', 'Received Currency', 'Payment Format', 'Is Laundering']
2025-06-22 00:26:17,796 [INFO ] Random seed set as 1
2025-06-22 00:26:17,796 [INFO ] Retrieving data
2025-06-22 00:26:17,896 [INFO ] Available Edge Features: ['Unnamed: 0', 'EdgeID', 'from_id', 'to_id', 'Timestamp', 'Amount Sent', 'Sent Currency', 'Amount Received', 'Received Currency', 'Payment Format', 'Is Laundering']
2025-06-22 00:26:18,375 [INFO ] Illicit ratio = 4 / 10000 = 0.04%
2025-06-22 00:26:18,376 [INFO ] Number of nodes (holdings doing transcations) = 514595
2025-06-22 00:26:18,376 [INFO ] Number of transactions = 10000
2025-06-22 00:26:18,376 [INFO ] Edge features being used: ['Timestamp', 'Amount Received', 'Received Currency', 'Payment Format']
2025-06-22 00:26:18,377 [INFO ] Node features being used: ['Feature'] ("Feature" is a placeholder feature of all 1s)
2025-06-22 00:26:20,917 [INFO ] number of days and transactions in the data: 10 days, 10000 transactions
2025-06-22 00:26:20,986 [INFO ] Calculate split: [[0, 1, 2, 3, 4, 5], [6, 7], [8, 9]]
2025-06-22 00:26:21,025 [INFO ] Total train samples: 60.00% || IR: 0.07% || Train days: [0, 1, 2, 3, 4]
2025-06-22 00:26:21,027 [INFO ] Total val samples: 20.00% || IR: 0.00% || Val days: [6, 7]
2025-06-22 00:26:21,028 [INFO ] Total test samples: 20.00% || IR: 0.00% || Test days: [8, 9]
2025-06-22 00:26:21,262 [INFO ] train data object: GraphData(x=[514595, 1], edge_index=[2, 6000], edge_attr=[6000, 4], y=[6000], readout='edge', loss_fn='ce', num_nodes=514595, timestamps=[6000])
2025-06-22 00:26:21,266 [INFO ] validation data object: GraphData(x=[514595, 1], edge_index=[2, 8000], edge_attr=[8000, 4], y=[8000], readout='edge', loss_fn='ce', num_nodes=514595, timestamps=[8000])
2025-06-22 00:26:21,266 [INFO ] test data object: GraphData(x=[514595, 1], edge_index=[2, 10000], edge_attr=[10000, 4], y=[10000], readout='edge', loss_fn='ce', num_nodes=514595, timestamps=[10000])
2025-06-22 00:26:21,360 [INFO ] Retrieved data in 3.56s
2025-06-22 00:26:21,360 [INFO ] Running Training
2025-06-22 00:27:51,741 [INFO ] Random seed set as 1
2025-06-22 00:27:51,741 [INFO ] Retrieving data
2025-06-22 00:27:51,789 [INFO ] Available Edge Features: ['Unnamed: 0', 'EdgeID', 'from_id', 'to_id', 'Timestamp', 'Amount Sent', 'Sent Currency', 'Amount Received', 'Received Currency', 'Payment Format', 'Is Laundering']
2025-06-22 00:27:52,331 [INFO ] Illicit ratio = 4 / 10000 = 0.04%
2025-06-22 00:27:52,332 [INFO ] Number of nodes (holdings doing transcations) = 514595
2025-06-22 00:27:52,332 [INFO ] Number of transactions = 10000
2025-06-22 00:27:52,332 [INFO ] Edge features being used: ['Timestamp', 'Amount Received', 'Received Currency', 'Payment Format']
2025-06-22 00:27:52,332 [INFO ] Node features being used: ['Feature'] ("Feature" is a placeholder feature of all 1s)
2025-06-22 00:27:55,882 [INFO ] number of days and transactions in the data: 10 days, 10000 transactions
2025-06-22 00:27:55,887 [INFO ] Calculate split: [[0, 1, 2, 3, 4, 5], [6, 7], [8, 9]]
2025-06-22 00:27:55,892 [INFO ] Total train samples: 60.00% || IR: 0.07% || Train days: [0, 1, 2, 3, 4]
2025-06-22 00:27:55,893 [INFO ] Total val samples: 20.00% || IR: 0.00% || Val days: [6, 7]
2025-06-22 00:27:55,894 [INFO ] Total test samples: 20.00% || IR: 0.00% || Test days: [8, 9]
2025-06-22 00:27:55,943 [INFO ] train data object: GraphData(x=[514595, 1], edge_index=[2, 6000], edge_attr=[6000, 4], y=[6000], readout='edge', loss_fn='ce', num_nodes=514595, timestamps=[6000])
2025-06-22 00:27:55,947 [INFO ] validation data object: GraphData(x=[514595, 1], edge_index=[2, 8000], edge_attr=[8000, 4], y=[8000], readout='edge', loss_fn='ce', num_nodes=514595, timestamps=[8000])
2025-06-22 00:27:55,947 [INFO ] test data object: GraphData(x=[514595, 1], edge_index=[2, 10000], edge_attr=[10000, 4], y=[10000], readout='edge', loss_fn='ce', num_nodes=514595, timestamps=[10000])
2025-06-22 00:27:55,947 [INFO ] Retrieved data in 4.20s
2025-06-22 00:27:55,951 [INFO ] Running Training
2025-06-22 00:28:19,258 [INFO ] Random seed set as 1
2025-06-22 00:28:19,258 [INFO ] Retrieving data
2025-06-22 00:28:19,289 [INFO ] Available Edge Features: ['Unnamed: 0', 'EdgeID', 'from_id', 'to_id', 'Timestamp', 'Amount Sent', 'Sent Currency', 'Amount Received', 'Received Currency', 'Payment Format', 'Is Laundering']
2025-06-22 00:28:19,646 [INFO ] Illicit ratio = 4 / 10000 = 0.04%
2025-06-22 00:28:19,646 [INFO ] Number of nodes (holdings doing transcations) = 514595
2025-06-22 00:28:19,649 [INFO ] Number of transactions = 10000
2025-06-22 00:28:19,649 [INFO ] Edge features being used: ['Timestamp', 'Amount Received', 'Received Currency', 'Payment Format']
2025-06-22 00:28:19,649 [INFO ] Node features being used: ['Feature'] ("Feature" is a placeholder feature of all 1s)
2025-06-22 00:28:22,316 [INFO ] number of days and transactions in the data: 10 days, 10000 transactions
2025-06-22 00:28:22,326 [INFO ] Calculate split: [[0, 1, 2, 3, 4, 5], [6, 7], [8, 9]]
2025-06-22 00:28:22,329 [INFO ] Total train samples: 60.00% || IR: 0.07% || Train days: [0, 1, 2, 3, 4]
2025-06-22 00:28:22,330 [INFO ] Total val samples: 20.00% || IR: 0.00% || Val days: [6, 7]
2025-06-22 00:28:22,331 [INFO ] Total test samples: 20.00% || IR: 0.00% || Test days: [8, 9]
2025-06-22 00:28:22,380 [INFO ] train data object: GraphData(x=[514595, 1], edge_index=[2, 6000], edge_attr=[6000, 4], y=[6000], readout='edge', loss_fn='ce', num_nodes=514595, timestamps=[6000])
2025-06-22 00:28:22,380 [INFO ] validation data object: GraphData(x=[514595, 1], edge_index=[2, 8000], edge_attr=[8000, 4], y=[8000], readout='edge', loss_fn='ce', num_nodes=514595, timestamps=[8000])
2025-06-22 00:28:22,387 [INFO ] test data object: GraphData(x=[514595, 1], edge_index=[2, 10000], edge_attr=[10000, 4], y=[10000], readout='edge', loss_fn='ce', num_nodes=514595, timestamps=[10000])
2025-06-22 00:28:22,387 [INFO ] Retrieved data in 3.13s
2025-06-22 00:28:22,392 [INFO ] Running Training
2025-06-22 01:30:44,526 [INFO ] Random seed set as 1
2025-06-22 01:30:44,551 [INFO ] Retrieving data
2025-06-22 01:30:44,741 [INFO ] Available Edge Features: ['Unnamed: 0', 'EdgeID', 'from_id', 'to_id', 'Timestamp', 'Amount Sent', 'Sent Currency', 'Amount Received', 'Received Currency', 'Payment Format', 'Is Laundering']
2025-06-22 01:30:45,696 [INFO ] Illicit ratio = 4 / 10000 = 0.04%
2025-06-22 01:30:45,696 [INFO ] Number of nodes (holdings doing transcations) = 514595
2025-06-22 01:30:45,696 [INFO ] Number of transactions = 10000
2025-06-22 01:30:45,696 [INFO ] Edge features being used: ['Timestamp', 'Amount Received', 'Received Currency', 'Payment Format']
2025-06-22 01:30:45,696 [INFO ] Node features being used: ['Feature'] ("Feature" is a placeholder feature of all 1s)
2025-06-22 01:30:47,661 [INFO ] number of days and transactions in the data: 10 days, 10000 transactions
2025-06-22 01:30:47,696 [INFO ] Calculate split: [[0, 1, 2, 3, 4, 5], [6, 7], [8, 9]]
2025-06-22 01:30:47,774 [INFO ] Total train samples: 60.00% || IR: 0.07% || Train days: [0, 1, 2, 3, 4]
2025-06-22 01:30:47,776 [INFO ] Total val samples: 20.00% || IR: 0.00% || Val days: [6, 7]
2025-06-22 01:30:47,776 [INFO ] Total test samples: 20.00% || IR: 0.00% || Test days: [8, 9]
2025-06-22 01:30:47,911 [INFO ] train data object: GraphData(x=[514595, 1], edge_index=[2, 6000], edge_attr=[6000, 4], y=[6000], readout='edge', loss_fn='ce', num_nodes=514595, timestamps=[6000])
2025-06-22 01:30:47,911 [INFO ] validation data object: GraphData(x=[514595, 1], edge_index=[2, 8000], edge_attr=[8000, 4], y=[8000], readout='edge', loss_fn='ce', num_nodes=514595, timestamps=[8000])
2025-06-22 01:30:47,911 [INFO ] test data object: GraphData(x=[514595, 1], edge_index=[2, 10000], edge_attr=[10000, 4], y=[10000], readout='edge', loss_fn='ce', num_nodes=514595, timestamps=[10000])
2025-06-22 01:30:47,916 [INFO ] Retrieved data in 3.37s
2025-06-22 01:30:47,916 [INFO ] Running Training
2025-06-22 01:40:24,320 [INFO ] Random seed set as 1
2025-06-22 01:40:24,320 [INFO ] Retrieving data
2025-06-22 01:40:49,261 [INFO ] Available Edge Features: ['EdgeID', 'from_id', 'to_id', 'Timestamp', 'Amount Sent', 'Sent Currency', 'Amount Received', 'Received Currency', 'Payment Format', 'Is Laundering']
2025-06-22 01:43:18,382 [INFO ] Illicit ratio = 5177 / 5078345 = 0.10%
2025-06-22 01:43:18,398 [INFO ] Number of nodes (holdings doing transcations) = 515088
2025-06-22 01:43:18,398 [INFO ] Number of transactions = 5078345
2025-06-22 01:43:18,398 [INFO ] Edge features being used: ['Timestamp', 'Amount Received', 'Received Currency', 'Payment Format']
2025-06-22 01:43:18,398 [INFO ] Node features being used: ['Feature'] ("Feature" is a placeholder feature of all 1s)
2025-06-22 01:43:48,141 [INFO ] number of days and transactions in the data: 19 days, 5078345 transactions
2025-06-22 01:43:48,926 [INFO ] Calculate split: [[0, 1, 2, 3, 4, 5], [6, 7], [8, 9, 10, 11, 12, 13, 14, 15, 16, 17, 18]]
2025-06-22 01:43:49,021 [INFO ] Total train samples: 63.98% || IR: 0.08% || Train days: [0, 1, 2, 3, 4]
2025-06-22 01:43:49,021 [INFO ] Total val samples: 19.01% || IR: 0.11% || Val days: [6, 7]
2025-06-22 01:43:49,039 [INFO ] Total test samples: 17.01% || IR: 0.19% || Test days: [8, 9, 10, 11, 12]
2025-06-22 01:43:51,240 [INFO ] train data object: GraphData(x=[515088, 1], edge_index=[2, 3248921], edge_attr=[3248921, 4], y=[3248921], readout='edge', loss_fn='ce', num_nodes=515088, timestamps=[3248921])
2025-06-22 01:43:51,240 [INFO ] validation data object: GraphData(x=[515088, 1], edge_index=[2, 4214445], edge_attr=[4214445, 4], y=[4214445], readout='edge', loss_fn='ce', num_nodes=515088, timestamps=[4214445])
2025-06-22 01:43:51,240 [INFO ] test data object: GraphData(x=[515088, 1], edge_index=[2, 5078345], edge_attr=[5078345, 4], y=[5078345], readout='edge', loss_fn='ce', num_nodes=515088, timestamps=[5078345])
2025-06-22 01:43:51,314 [INFO ] Retrieved data in 206.99s
2025-06-22 01:43:51,314 [INFO ] Running Training
2025-06-22 22:31:12,898 [INFO ] Random seed set as 1
2025-06-22 22:31:12,915 [INFO ] Retrieving data
2025-06-22 22:31:20,298 [INFO ] Available Edge Features: ['EdgeID', 'from_id', 'to_id', 'Timestamp', 'Amount Sent', 'Sent Currency', 'Amount Received', 'Received Currency', 'Payment Format', 'Is Laundering']
2025-06-22 22:34:50,898 [INFO ] Random seed set as 1
2025-06-22 22:34:50,898 [INFO ] Retrieving data
2025-06-22 22:34:51,428 [INFO ] Available Edge Features: ['Unnamed: 0', 'EdgeID', 'from_id', 'to_id', 'Timestamp', 'Amount Sent', 'Sent Currency', 'Amount Received', 'Received Currency', 'Payment Format', 'Is Laundering']
2025-06-22 22:34:52,183 [INFO ] Illicit ratio = 4 / 10000 = 0.04%
2025-06-22 22:34:52,183 [INFO ] Number of nodes (holdings doing transcations) = 514595
2025-06-22 22:34:52,183 [INFO ] Number of transactions = 10000
2025-06-22 22:34:52,183 [INFO ] Edge features being used: ['Timestamp', 'Amount Received', 'Received Currency', 'Payment Format']
2025-06-22 22:34:52,183 [INFO ] Node features being used: ['Feature'] ("Feature" is a placeholder feature of all 1s)
2025-06-22 22:34:55,498 [INFO ] number of days and transactions in the data: 10 days, 10000 transactions
2025-06-22 22:34:55,515 [INFO ] Calculate split: [[0, 1, 2, 3, 4, 5], [6, 7], [8, 9]]
2025-06-22 22:34:55,549 [INFO ] Total train samples: 60.00% || IR: 0.07% || Train days: [0, 1, 2, 3, 4]
2025-06-22 22:34:55,549 [INFO ] Total val samples: 20.00% || IR: 0.00% || Val days: [6, 7]
2025-06-22 22:34:55,549 [INFO ] Total test samples: 20.00% || IR: 0.00% || Test days: [8, 9]
2025-06-22 22:34:55,834 [INFO ] train data object: GraphData(x=[514595, 1], edge_index=[2, 6000], edge_attr=[6000, 4], y=[6000], readout='edge', loss_fn='ce', num_nodes=514595, timestamps=[6000])
2025-06-22 22:34:55,835 [INFO ] validation data object: GraphData(x=[514595, 1], edge_index=[2, 8000], edge_attr=[8000, 4], y=[8000], readout='edge', loss_fn='ce', num_nodes=514595, timestamps=[8000])
2025-06-22 22:34:55,836 [INFO ] test data object: GraphData(x=[514595, 1], edge_index=[2, 10000], edge_attr=[10000, 4], y=[10000], readout='edge', loss_fn='ce', num_nodes=514595, timestamps=[10000])
2025-06-22 22:34:55,837 [INFO ] Retrieved data in 4.93s
2025-06-22 22:34:55,837 [INFO ] Running Training
2025-06-22 23:36:10,498 [INFO ] Random seed set as 1
2025-06-22 23:36:10,499 [INFO ] Retrieving data
2025-06-22 23:36:10,616 [INFO ] Available Edge Features: ['Unnamed: 0', 'EdgeID', 'from_id', 'to_id', 'Timestamp', 'Amount Sent', 'Sent Currency', 'Amount Received', 'Received Currency', 'Payment Format', 'Is Laundering']
2025-06-22 23:36:11,141 [INFO ] Illicit ratio = 4 / 10000 = 0.04%
2025-06-22 23:36:11,142 [INFO ] Number of nodes (holdings doing transcations) = 514595
2025-06-22 23:36:11,142 [INFO ] Number of transactions = 10000
2025-06-22 23:36:11,143 [INFO ] Edge features being used: ['Timestamp', 'Amount Received', 'Received Currency', 'Payment Format']
2025-06-22 23:36:11,143 [INFO ] Node features being used: ['Feature'] ("Feature" is a placeholder feature of all 1s)
2025-06-22 23:36:11,876 [INFO ] number of days and transactions in the data: 10 days, 10000 transactions
2025-06-22 23:36:11,970 [INFO ] Calculate split: [[0, 1, 2, 3, 4, 5], [6, 7], [8, 9]]
2025-06-22 23:36:11,984 [INFO ] Total train samples: 60.00% || IR: 0.07% || Train days: [0, 1, 2, 3, 4]
2025-06-22 23:36:11,986 [INFO ] Total val samples: 20.00% || IR: 0.00% || Val days: [6, 7]
2025-06-22 23:36:11,986 [INFO ] Total test samples: 20.00% || IR: 0.00% || Test days: [8, 9]
2025-06-22 23:36:12,198 [INFO ] train data object: GraphData(x=[514595, 1], edge_index=[2, 6000], edge_attr=[6000, 4], y=[6000], readout='edge', loss_fn='ce', num_nodes=514595, timestamps=[6000])
2025-06-22 23:36:12,198 [INFO ] validation data object: GraphData(x=[514595, 1], edge_index=[2, 8000], edge_attr=[8000, 4], y=[8000], readout='edge', loss_fn='ce', num_nodes=514595, timestamps=[8000])
2025-06-22 23:36:12,198 [INFO ] test data object: GraphData(x=[514595, 1], edge_index=[2, 10000], edge_attr=[10000, 4], y=[10000], readout='edge', loss_fn='ce', num_nodes=514595, timestamps=[10000])
2025-06-22 23:36:12,198 [INFO ] Retrieved data in 1.69s
2025-06-22 23:36:12,198 [INFO ] Running Training
2025-06-22 23:38:37,872 [INFO ] Random seed set as 1
2025-06-22 23:38:37,873 [INFO ] Retrieving data
2025-06-22 23:38:37,902 [INFO ] Available Edge Features: ['Unnamed: 0', 'EdgeID', 'from_id', 'to_id', 'Timestamp', 'Amount Sent', 'Sent Currency', 'Amount Received', 'Received Currency', 'Payment Format', 'Is Laundering']
2025-06-22 23:38:38,165 [INFO ] Illicit ratio = 4 / 10000 = 0.04%
2025-06-22 23:38:38,165 [INFO ] Number of nodes (holdings doing transcations) = 514595
2025-06-22 23:38:38,165 [INFO ] Number of transactions = 10000
2025-06-22 23:38:38,165 [INFO ] Edge features being used: ['Timestamp', 'Amount Received', 'Received Currency', 'Payment Format']
2025-06-22 23:38:38,165 [INFO ] Node features being used: ['Feature'] ("Feature" is a placeholder feature of all 1s)
2025-06-22 23:38:38,298 [INFO ] number of days and transactions in the data: 10 days, 10000 transactions
2025-06-22 23:38:38,304 [INFO ] Calculate split: [[0, 1, 2, 3, 4, 5], [6, 7], [8, 9]]
2025-06-22 23:38:38,307 [INFO ] Total train samples: 60.00% || IR: 0.07% || Train days: [0, 1, 2, 3, 4]
2025-06-22 23:38:38,309 [INFO ] Total val samples: 20.00% || IR: 0.00% || Val days: [6, 7]
2025-06-22 23:38:38,309 [INFO ] Total test samples: 20.00% || IR: 0.00% || Test days: [8, 9]
2025-06-22 23:38:38,360 [INFO ] train data object: GraphData(x=[514595, 1], edge_index=[2, 6000], edge_attr=[6000, 4], y=[6000], readout='edge', loss_fn='ce', num_nodes=514595, timestamps=[6000])
2025-06-22 23:38:38,361 [INFO ] validation data object: GraphData(x=[514595, 1], edge_index=[2, 8000], edge_attr=[8000, 4], y=[8000], readout='edge', loss_fn='ce', num_nodes=514595, timestamps=[8000])
2025-06-22 23:38:38,362 [INFO ] test data object: GraphData(x=[514595, 1], edge_index=[2, 10000], edge_attr=[10000, 4], y=[10000], readout='edge', loss_fn='ce', num_nodes=514595, timestamps=[10000])
2025-06-22 23:38:38,367 [INFO ] Retrieved data in 0.49s
2025-06-22 23:38:38,369 [INFO ] Running Training
2025-06-22 23:40:27,855 [INFO ] Random seed set as 1
2025-06-22 23:40:27,855 [INFO ] Retrieving data
2025-06-22 23:40:27,888 [INFO ] Available Edge Features: ['Unnamed: 0', 'EdgeID', 'from_id', 'to_id', 'Timestamp', 'Amount Sent', 'Sent Currency', 'Amount Received', 'Received Currency', 'Payment Format', 'Is Laundering']
2025-06-22 23:40:28,081 [INFO ] Illicit ratio = 4 / 10000 = 0.04%
2025-06-22 23:40:28,081 [INFO ] Number of nodes (holdings doing transcations) = 514595
2025-06-22 23:40:28,081 [INFO ] Number of transactions = 10000
2025-06-22 23:40:28,081 [INFO ] Edge features being used: ['Timestamp', 'Amount Received', 'Received Currency', 'Payment Format']
2025-06-22 23:40:28,081 [INFO ] Node features being used: ['Feature'] ("Feature" is a placeholder feature of all 1s)
2025-06-22 23:40:28,205 [INFO ] number of days and transactions in the data: 10 days, 10000 transactions
2025-06-22 23:40:28,210 [INFO ] Calculate split: [[0, 1, 2, 3, 4, 5], [6, 7], [8, 9]]
2025-06-22 23:40:28,212 [INFO ] Total train samples: 60.00% || IR: 0.07% || Train days: [0, 1, 2, 3, 4]
2025-06-22 23:40:28,213 [INFO ] Total val samples: 20.00% || IR: 0.00% || Val days: [6, 7]
2025-06-22 23:40:28,214 [INFO ] Total test samples: 20.00% || IR: 0.00% || Test days: [8, 9]
2025-06-22 23:40:28,259 [INFO ] train data object: GraphData(x=[514595, 1], edge_index=[2, 6000], edge_attr=[6000, 4], y=[6000], readout='edge', loss_fn='ce', num_nodes=514595, timestamps=[6000])
2025-06-22 23:40:28,259 [INFO ] validation data object: GraphData(x=[514595, 1], edge_index=[2, 8000], edge_attr=[8000, 4], y=[8000], readout='edge', loss_fn='ce', num_nodes=514595, timestamps=[8000])
2025-06-22 23:40:28,259 [INFO ] test data object: GraphData(x=[514595, 1], edge_index=[2, 10000], edge_attr=[10000, 4], y=[10000], readout='edge', loss_fn='ce', num_nodes=514595, timestamps=[10000])
2025-06-22 23:40:28,266 [INFO ] Retrieved data in 0.41s
2025-06-22 23:40:28,267 [INFO ] Running Training
2025-06-22 23:41:18,324 [INFO ] Random seed set as 1
2025-06-22 23:41:18,324 [INFO ] Retrieving data
2025-06-22 23:41:18,358 [INFO ] Available Edge Features: ['Unnamed: 0', 'EdgeID', 'from_id', 'to_id', 'Timestamp', 'Amount Sent', 'Sent Currency', 'Amount Received', 'Received Currency', 'Payment Format', 'Is Laundering']
2025-06-22 23:41:18,684 [INFO ] Illicit ratio = 4 / 10000 = 0.04%
2025-06-22 23:41:18,698 [INFO ] Number of nodes (holdings doing transcations) = 514595
2025-06-22 23:41:18,743 [INFO ] Number of transactions = 10000
2025-06-22 23:41:18,752 [INFO ] Edge features being used: ['Timestamp', 'Amount Received', 'Received Currency', 'Payment Format']
2025-06-22 23:41:18,752 [INFO ] Node features being used: ['Feature'] ("Feature" is a placeholder feature of all 1s)
2025-06-22 23:41:18,915 [INFO ] number of days and transactions in the data: 10 days, 10000 transactions
2025-06-22 23:41:18,931 [INFO ] Calculate split: [[0, 1, 2, 3, 4, 5], [6, 7], [8, 9]]
2025-06-22 23:41:18,931 [INFO ] Total train samples: 60.00% || IR: 0.07% || Train days: [0, 1, 2, 3, 4]
2025-06-22 23:41:18,933 [INFO ] Total val samples: 20.00% || IR: 0.00% || Val days: [6, 7]
2025-06-22 23:41:18,935 [INFO ] Total test samples: 20.00% || IR: 0.00% || Test days: [8, 9]
2025-06-22 23:41:18,991 [INFO ] train data object: GraphData(x=[514595, 1], edge_index=[2, 6000], edge_attr=[6000, 4], y=[6000], readout='edge', loss_fn='ce', num_nodes=514595, timestamps=[6000])
2025-06-22 23:41:18,991 [INFO ] validation data object: GraphData(x=[514595, 1], edge_index=[2, 8000], edge_attr=[8000, 4], y=[8000], readout='edge', loss_fn='ce', num_nodes=514595, timestamps=[8000])
2025-06-22 23:41:18,992 [INFO ] test data object: GraphData(x=[514595, 1], edge_index=[2, 10000], edge_attr=[10000, 4], y=[10000], readout='edge', loss_fn='ce', num_nodes=514595, timestamps=[10000])
2025-06-22 23:41:18,994 [INFO ] Retrieved data in 0.67s
2025-06-22 23:41:18,994 [INFO ] Running Training
2025-06-22 23:41:27,778 [INFO ] Train F1: 0.0013
2025-06-22 23:41:27,921 [INFO ] Validation F1: 0.0000
2025-06-22 23:41:27,922 [INFO ] Test F1: 0.0000
2025-06-22 23:41:28,039 [INFO ] Train F1: 0.0000
2025-06-22 23:41:28,111 [INFO ] Validation F1: 0.0000
2025-06-22 23:41:28,112 [INFO ] Test F1: 0.0000
2025-06-22 23:41:28,206 [INFO ] Train F1: 0.0000
2025-06-22 23:41:28,279 [INFO ] Validation F1: 0.0000
2025-06-22 23:41:28,280 [INFO ] Test F1: 0.0000
2025-06-22 23:41:28,362 [INFO ] Train F1: 0.0000
2025-06-22 23:41:28,459 [INFO ] Validation F1: 0.0000
2025-06-22 23:41:28,461 [INFO ] Test F1: 0.0000
2025-06-22 23:41:28,569 [INFO ] Train F1: 0.0000
2025-06-22 23:41:28,655 [INFO ] Validation F1: 0.0000
2025-06-22 23:41:28,656 [INFO ] Test F1: 0.0000
2025-06-22 23:41:28,744 [INFO ] Train F1: 0.0000
2025-06-22 23:41:28,819 [INFO ] Validation F1: 0.0000
2025-06-22 23:41:28,820 [INFO ] Test F1: 0.0000
2025-06-22 23:41:28,924 [INFO ] Train F1: 0.0000
2025-06-22 23:41:28,995 [INFO ] Validation F1: 0.0000
2025-06-22 23:41:29,000 [INFO ] Test F1: 0.0000
2025-06-22 23:41:29,091 [INFO ] Train F1: 0.0000
2025-06-22 23:41:29,175 [INFO ] Validation F1: 0.0000
2025-06-22 23:41:29,176 [INFO ] Test F1: 0.0000
2025-06-22 23:41:29,288 [INFO ] Train F1: 0.0000
2025-06-22 23:41:29,386 [INFO ] Validation F1: 0.0000
2025-06-22 23:41:29,387 [INFO ] Test F1: 0.0000
2025-06-22 23:41:29,473 [INFO ] Train F1: 0.0000
2025-06-22 23:41:29,582 [INFO ] Validation F1: 0.0000
2025-06-22 23:41:29,584 [INFO ] Test F1: 0.0000
2025-06-22 23:41:29,676 [INFO ] Train F1: 0.0000
2025-06-22 23:41:29,771 [INFO ] Validation F1: 0.0000
2025-06-22 23:41:29,773 [INFO ] Test F1: 0.0000
2025-06-22 23:41:29,874 [INFO ] Train F1: 0.0000
2025-06-22 23:41:29,944 [INFO ] Validation F1: 0.0000
2025-06-22 23:41:29,945 [INFO ] Test F1: 0.0000
2025-06-22 23:41:30,034 [INFO ] Train F1: 0.0000
2025-06-22 23:41:30,112 [INFO ] Validation F1: 0.0000
2025-06-22 23:41:30,118 [INFO ] Test F1: 0.0000
2025-06-22 23:41:30,212 [INFO ] Train F1: 0.0000
2025-06-22 23:41:30,319 [INFO ] Validation F1: 0.0000
2025-06-22 23:41:30,322 [INFO ] Test F1: 0.0000
2025-06-22 23:41:30,417 [INFO ] Train F1: 0.0000
2025-06-22 23:41:30,502 [INFO ] Validation F1: 0.0000
2025-06-22 23:41:30,503 [INFO ] Test F1: 0.0000
2025-06-22 23:41:30,589 [INFO ] Train F1: 0.0000
2025-06-22 23:41:30,661 [INFO ] Validation F1: 0.0000
2025-06-22 23:41:30,662 [INFO ] Test F1: 0.0000
2025-06-22 23:41:30,749 [INFO ] Train F1: 0.0000
2025-06-22 23:41:31,016 [INFO ] Validation F1: 0.0000
2025-06-22 23:41:31,019 [INFO ] Test F1: 0.0000
2025-06-22 23:41:31,143 [INFO ] Train F1: 0.0000
2025-06-22 23:41:31,212 [INFO ] Validation F1: 0.0000
2025-06-22 23:41:31,213 [INFO ] Test F1: 0.0000
2025-06-22 23:41:31,307 [INFO ] Train F1: 0.0000
2025-06-22 23:41:31,391 [INFO ] Validation F1: 0.0000
2025-06-22 23:41:31,392 [INFO ] Test F1: 0.0000
2025-06-22 23:41:31,470 [INFO ] Train F1: 0.0000
2025-06-22 23:41:31,551 [INFO ] Validation F1: 0.0000
2025-06-22 23:41:31,553 [INFO ] Test F1: 0.0000
2025-06-22 23:41:31,645 [INFO ] Train F1: 0.0000
2025-06-22 23:41:31,712 [INFO ] Validation F1: 0.0000
2025-06-22 23:41:31,724 [INFO ] Test F1: 0.0000
2025-06-22 23:41:31,821 [INFO ] Train F1: 0.0000
2025-06-22 23:41:31,893 [INFO ] Validation F1: 0.0000
2025-06-22 23:41:31,894 [INFO ] Test F1: 0.0000
2025-06-22 23:41:31,975 [INFO ] Train F1: 0.0000
2025-06-22 23:41:32,085 [INFO ] Validation F1: 0.0000
2025-06-22 23:41:32,086 [INFO ] Test F1: 0.0000
2025-06-22 23:41:32,186 [INFO ] Train F1: 0.0000
2025-06-22 23:41:32,360 [INFO ] Validation F1: 0.0000
2025-06-22 23:41:32,366 [INFO ] Test F1: 0.0000
2025-06-22 23:41:32,477 [INFO ] Train F1: 0.0000
2025-06-22 23:41:32,629 [INFO ] Validation F1: 0.0000
2025-06-22 23:41:32,637 [INFO ] Test F1: 0.0000
2025-06-22 23:41:32,793 [INFO ] Train F1: 0.0000
2025-06-22 23:41:32,905 [INFO ] Validation F1: 0.0000
2025-06-22 23:41:32,908 [INFO ] Test F1: 0.0000
2025-06-22 23:41:33,018 [INFO ] Train F1: 0.0000
2025-06-22 23:41:33,091 [INFO ] Validation F1: 0.0000
2025-06-22 23:41:33,092 [INFO ] Test F1: 0.0000
2025-06-22 23:41:33,171 [INFO ] Train F1: 0.0000
2025-06-22 23:41:33,242 [INFO ] Validation F1: 0.0000
2025-06-22 23:41:33,245 [INFO ] Test F1: 0.0000
2025-06-22 23:41:33,357 [INFO ] Train F1: 0.0000
2025-06-22 23:41:33,458 [INFO ] Validation F1: 0.0000
2025-06-22 23:41:33,459 [INFO ] Test F1: 0.0000
2025-06-22 23:41:33,550 [INFO ] Train F1: 0.0000
2025-06-22 23:41:33,637 [INFO ] Validation F1: 0.0000
2025-06-22 23:41:33,638 [INFO ] Test F1: 0.0000
2025-06-22 23:41:33,733 [INFO ] Train F1: 0.0000
2025-06-22 23:41:33,811 [INFO ] Validation F1: 0.0000
2025-06-22 23:41:33,813 [INFO ] Test F1: 0.0000
2025-06-22 23:41:33,905 [INFO ] Train F1: 0.0000
2025-06-22 23:41:34,002 [INFO ] Validation F1: 0.0000
2025-06-22 23:41:34,003 [INFO ] Test F1: 0.0000
2025-06-22 23:41:34,103 [INFO ] Train F1: 0.0000
2025-06-22 23:41:34,191 [INFO ] Validation F1: 0.0000
2025-06-22 23:41:34,192 [INFO ] Test F1: 0.0000
2025-06-22 23:41:34,302 [INFO ] Train F1: 0.0000
2025-06-22 23:41:34,405 [INFO ] Validation F1: 0.0000
2025-06-22 23:41:34,407 [INFO ] Test F1: 0.0000
2025-06-22 23:41:34,502 [INFO ] Train F1: 0.0000
2025-06-22 23:41:34,608 [INFO ] Validation F1: 0.0000
2025-06-22 23:41:34,609 [INFO ] Test F1: 0.0000
2025-06-22 23:41:34,705 [INFO ] Train F1: 0.0000
2025-06-22 23:41:34,774 [INFO ] Validation F1: 0.0000
2025-06-22 23:41:34,775 [INFO ] Test F1: 0.0000
2025-06-22 23:41:34,875 [INFO ] Train F1: 0.0000
2025-06-22 23:41:34,969 [INFO ] Validation F1: 0.0000
2025-06-22 23:41:34,970 [INFO ] Test F1: 0.0000
2025-06-22 23:41:35,062 [INFO ] Train F1: 0.0000
2025-06-22 23:41:35,133 [INFO ] Validation F1: 0.0000
2025-06-22 23:41:35,134 [INFO ] Test F1: 0.0000
2025-06-22 23:41:35,226 [INFO ] Train F1: 0.0000
2025-06-22 23:41:35,294 [INFO ] Validation F1: 0.0000
2025-06-22 23:41:35,295 [INFO ] Test F1: 0.0000
2025-06-22 23:41:35,403 [INFO ] Train F1: 0.0000
2025-06-22 23:41:35,628 [INFO ] Validation F1: 0.0000
2025-06-22 23:41:35,628 [INFO ] Test F1: 0.0000
2025-06-22 23:41:35,726 [INFO ] Train F1: 0.0000
2025-06-22 23:41:35,812 [INFO ] Validation F1: 0.0000
2025-06-22 23:41:35,817 [INFO ] Test F1: 0.0000
2025-06-22 23:41:35,916 [INFO ] Train F1: 0.0000
2025-06-22 23:41:36,009 [INFO ] Validation F1: 0.0000
2025-06-22 23:41:36,010 [INFO ] Test F1: 0.0000
2025-06-22 23:41:36,101 [INFO ] Train F1: 0.0000
2025-06-22 23:41:36,198 [INFO ] Validation F1: 0.0000
2025-06-22 23:41:36,200 [INFO ] Test F1: 0.0000
2025-06-22 23:41:36,291 [INFO ] Train F1: 0.0000
2025-06-22 23:41:36,377 [INFO ] Validation F1: 0.0000
2025-06-22 23:41:36,378 [INFO ] Test F1: 0.0000
2025-06-22 23:41:36,458 [INFO ] Train F1: 0.0000
2025-06-22 23:41:36,535 [INFO ] Validation F1: 0.0000
2025-06-22 23:41:36,536 [INFO ] Test F1: 0.0000
2025-06-22 23:41:36,629 [INFO ] Train F1: 0.0000
2025-06-22 23:41:36,692 [INFO ] Validation F1: 0.0000
2025-06-22 23:41:36,694 [INFO ] Test F1: 0.0000
2025-06-22 23:41:36,778 [INFO ] Train F1: 0.0000
2025-06-22 23:41:36,853 [INFO ] Validation F1: 0.0000
2025-06-22 23:41:36,854 [INFO ] Test F1: 0.0000
2025-06-22 23:41:36,927 [INFO ] Train F1: 0.0000
2025-06-22 23:41:36,989 [INFO ] Validation F1: 0.0000
2025-06-22 23:41:36,990 [INFO ] Test F1: 0.0000
2025-06-22 23:41:37,066 [INFO ] Train F1: 0.0000
2025-06-22 23:41:37,133 [INFO ] Validation F1: 0.0000
2025-06-22 23:41:37,135 [INFO ] Test F1: 0.0000
2025-06-22 23:41:37,228 [INFO ] Train F1: 0.0000
2025-06-22 23:41:37,328 [INFO ] Validation F1: 0.0000
2025-06-22 23:41:37,337 [INFO ] Test F1: 0.0000
2025-06-22 23:41:37,429 [INFO ] Train F1: 0.0000
2025-06-22 23:41:37,540 [INFO ] Validation F1: 0.0000
2025-06-22 23:41:37,541 [INFO ] Test F1: 0.0000
2025-06-22 23:41:37,638 [INFO ] Train F1: 0.0000
2025-06-22 23:41:37,713 [INFO ] Validation F1: 0.0000
2025-06-22 23:41:37,716 [INFO ] Test F1: 0.0000
2025-06-22 23:41:37,803 [INFO ] Train F1: 0.0000
2025-06-22 23:41:37,901 [INFO ] Validation F1: 0.0000
2025-06-22 23:41:37,903 [INFO ] Test F1: 0.0000
2025-06-22 23:41:38,009 [INFO ] Train F1: 0.0000
2025-06-22 23:41:38,099 [INFO ] Validation F1: 0.0000
2025-06-22 23:41:38,102 [INFO ] Test F1: 0.0000
2025-06-22 23:41:38,195 [INFO ] Train F1: 0.0000
2025-06-22 23:41:38,285 [INFO ] Validation F1: 0.0000
2025-06-22 23:41:38,286 [INFO ] Test F1: 0.0000
2025-06-22 23:41:38,383 [INFO ] Train F1: 0.0000
2025-06-22 23:41:38,470 [INFO ] Validation F1: 0.0000
2025-06-22 23:41:38,471 [INFO ] Test F1: 0.0000
2025-06-22 23:41:38,568 [INFO ] Train F1: 0.0000
2025-06-22 23:41:38,645 [INFO ] Validation F1: 0.0000
2025-06-22 23:41:38,646 [INFO ] Test F1: 0.0000
2025-06-22 23:41:38,727 [INFO ] Train F1: 0.0000
2025-06-22 23:41:38,793 [INFO ] Validation F1: 0.0000
2025-06-22 23:41:38,794 [INFO ] Test F1: 0.0000
2025-06-22 23:41:38,884 [INFO ] Train F1: 0.0000
2025-06-22 23:41:38,959 [INFO ] Validation F1: 0.0000
2025-06-22 23:41:38,960 [INFO ] Test F1: 0.0000
2025-06-22 23:41:39,037 [INFO ] Train F1: 0.0000
2025-06-22 23:41:39,106 [INFO ] Validation F1: 0.0000
2025-06-22 23:41:39,107 [INFO ] Test F1: 0.0000
2025-06-22 23:41:39,185 [INFO ] Train F1: 0.0000
2025-06-22 23:41:39,263 [INFO ] Validation F1: 0.0000
2025-06-22 23:41:39,265 [INFO ] Test F1: 0.0000
2025-06-22 23:41:39,349 [INFO ] Train F1: 0.0000
2025-06-22 23:41:39,427 [INFO ] Validation F1: 0.0000
2025-06-22 23:41:39,428 [INFO ] Test F1: 0.0000
2025-06-22 23:41:39,508 [INFO ] Train F1: 0.0000
2025-06-22 23:41:39,574 [INFO ] Validation F1: 0.0000
2025-06-22 23:41:39,576 [INFO ] Test F1: 0.0000
2025-06-22 23:41:39,651 [INFO ] Train F1: 0.0000
2025-06-22 23:41:39,762 [INFO ] Validation F1: 0.0000
2025-06-22 23:41:39,764 [INFO ] Test F1: 0.0000
2025-06-22 23:41:39,927 [INFO ] Train F1: 0.0000
2025-06-22 23:41:40,060 [INFO ] Validation F1: 0.0000
2025-06-22 23:41:40,061 [INFO ] Test F1: 0.0000
2025-06-22 23:41:40,156 [INFO ] Train F1: 0.0000
2025-06-22 23:41:40,229 [INFO ] Validation F1: 0.0000
2025-06-22 23:41:40,238 [INFO ] Test F1: 0.0000
2025-06-22 23:41:40,346 [INFO ] Train F1: 0.0000
2025-06-22 23:41:40,442 [INFO ] Validation F1: 0.0000
2025-06-22 23:41:40,443 [INFO ] Test F1: 0.0000
2025-06-22 23:41:40,539 [INFO ] Train F1: 0.0000
2025-06-22 23:41:40,611 [INFO ] Validation F1: 0.0000
2025-06-22 23:41:40,644 [INFO ] Test F1: 0.0000
2025-06-22 23:41:40,828 [INFO ] Train F1: 0.0000
2025-06-22 23:41:40,984 [INFO ] Validation F1: 0.0000
2025-06-22 23:41:40,985 [INFO ] Test F1: 0.0000
2025-06-22 23:41:41,072 [INFO ] Train F1: 0.0000
2025-06-22 23:41:41,143 [INFO ] Validation F1: 0.0000
2025-06-22 23:41:41,144 [INFO ] Test F1: 0.0000
2025-06-22 23:41:41,227 [INFO ] Train F1: 0.0000
2025-06-22 23:41:41,296 [INFO ] Validation F1: 0.0000
2025-06-22 23:41:41,298 [INFO ] Test F1: 0.0000
2025-06-22 23:41:41,386 [INFO ] Train F1: 0.0000
2025-06-22 23:41:41,460 [INFO ] Validation F1: 0.0000
2025-06-22 23:41:41,461 [INFO ] Test F1: 0.0000
2025-06-22 23:41:41,541 [INFO ] Train F1: 0.0000
2025-06-22 23:41:41,604 [INFO ] Validation F1: 0.0000
2025-06-22 23:41:41,605 [INFO ] Test F1: 0.0000
2025-06-22 23:41:41,684 [INFO ] Train F1: 0.0000
2025-06-22 23:41:41,744 [INFO ] Validation F1: 0.0000
2025-06-22 23:41:41,745 [INFO ] Test F1: 0.0000
2025-06-22 23:41:41,832 [INFO ] Train F1: 0.0000
2025-06-22 23:41:41,903 [INFO ] Validation F1: 0.0000
2025-06-22 23:41:41,904 [INFO ] Test F1: 0.0000
2025-06-22 23:41:41,985 [INFO ] Train F1: 0.0000
2025-06-22 23:41:42,074 [INFO ] Validation F1: 0.0000
2025-06-22 23:41:42,075 [INFO ] Test F1: 0.0000
2025-06-22 23:41:42,158 [INFO ] Train F1: 0.0000
2025-06-22 23:41:42,238 [INFO ] Validation F1: 0.0000
2025-06-22 23:41:42,240 [INFO ] Test F1: 0.0000
2025-06-22 23:41:42,322 [INFO ] Train F1: 0.0000
2025-06-22 23:41:42,394 [INFO ] Validation F1: 0.0000
2025-06-22 23:41:42,395 [INFO ] Test F1: 0.0000
2025-06-22 23:41:42,471 [INFO ] Train F1: 0.0000
2025-06-22 23:41:42,545 [INFO ] Validation F1: 0.0000
2025-06-22 23:41:42,546 [INFO ] Test F1: 0.0000
2025-06-22 23:41:42,628 [INFO ] Train F1: 0.0000
2025-06-22 23:41:42,701 [INFO ] Validation F1: 0.0000
2025-06-22 23:41:42,702 [INFO ] Test F1: 0.0000
2025-06-22 23:41:42,784 [INFO ] Train F1: 0.0000
2025-06-22 23:41:42,850 [INFO ] Validation F1: 0.0000
2025-06-22 23:41:42,852 [INFO ] Test F1: 0.0000
2025-06-22 23:41:42,937 [INFO ] Train F1: 0.0000
2025-06-22 23:41:43,009 [INFO ] Validation F1: 0.0000
2025-06-22 23:41:43,010 [INFO ] Test F1: 0.0000
2025-06-22 23:41:43,095 [INFO ] Train F1: 0.0000
2025-06-22 23:41:43,175 [INFO ] Validation F1: 0.0000
2025-06-22 23:41:43,176 [INFO ] Test F1: 0.0000
2025-06-22 23:41:43,262 [INFO ] Train F1: 0.4000
2025-06-22 23:41:43,337 [INFO ] Validation F1: 0.0000
2025-06-22 23:41:43,341 [INFO ] Test F1: 0.0000
2025-06-22 23:41:43,420 [INFO ] Train F1: 0.3333
2025-06-22 23:41:43,486 [INFO ] Validation F1: 0.0000
2025-06-22 23:41:43,487 [INFO ] Test F1: 0.0000
2025-06-22 23:41:43,580 [INFO ] Train F1: 0.3333
2025-06-22 23:41:43,643 [INFO ] Validation F1: 0.0000
2025-06-22 23:41:43,645 [INFO ] Test F1: 0.0000
2025-06-22 23:41:43,728 [INFO ] Train F1: 0.0000
2025-06-22 23:41:43,803 [INFO ] Validation F1: 0.0000
2025-06-22 23:41:43,805 [INFO ] Test F1: 0.0000
2025-06-22 23:41:43,902 [INFO ] Train F1: 0.3333
2025-06-22 23:41:43,978 [INFO ] Validation F1: 0.0000
2025-06-22 23:41:43,979 [INFO ] Test F1: 0.0000
2025-06-22 23:41:44,069 [INFO ] Train F1: 0.3333
2025-06-22 23:41:44,140 [INFO ] Validation F1: 0.0000
2025-06-22 23:41:44,143 [INFO ] Test F1: 0.0000
2025-06-22 23:41:44,228 [INFO ] Train F1: 0.3333
2025-06-22 23:41:44,321 [INFO ] Validation F1: 0.0000
2025-06-22 23:41:44,322 [INFO ] Test F1: 0.0000
2025-06-22 23:41:44,432 [INFO ] Train F1: 0.3333
2025-06-22 23:41:44,542 [INFO ] Validation F1: 0.0000
2025-06-22 23:41:44,546 [INFO ] Test F1: 0.0000
2025-06-22 23:41:44,636 [INFO ] Train F1: 0.3333
2025-06-22 23:41:44,751 [INFO ] Validation F1: 0.0000
2025-06-22 23:41:44,810 [INFO ] Test F1: 0.0000
2025-06-22 23:41:45,005 [INFO ] Train F1: 0.0000
2025-06-22 23:41:45,112 [INFO ] Validation F1: 0.0000
2025-06-22 23:41:45,113 [INFO ] Test F1: 0.0000
2025-06-22 23:41:45,208 [INFO ] Train F1: 0.3333
2025-06-22 23:41:45,334 [INFO ] Validation F1: 0.0000
2025-06-22 23:41:45,335 [INFO ] Test F1: 0.0000
2025-06-22 23:41:45,432 [INFO ] Train F1: 0.5000
2025-06-22 23:41:45,499 [INFO ] Validation F1: 0.0000
2025-06-22 23:41:45,500 [INFO ] Test F1: 0.0000
2025-06-22 23:41:45,603 [INFO ] Train F1: 0.2857
2025-06-22 23:41:45,685 [INFO ] Validation F1: 0.0000
2025-06-22 23:41:45,687 [INFO ] Test F1: 0.0000
2025-06-22 23:41:45,772 [INFO ] Train F1: 0.3333
2025-06-22 23:41:45,842 [INFO ] Validation F1: 0.0000
2025-06-22 23:41:45,846 [INFO ] Test F1: 0.0000
2025-06-22 23:41:45,952 [INFO ] Train F1: 0.0000
2025-06-22 23:41:46,024 [INFO ] Validation F1: 0.0000
2025-06-22 23:41:46,025 [INFO ] Test F1: 0.0000
2025-06-22 23:41:46,106 [INFO ] Train F1: 0.0000
2025-06-22 23:41:46,156 [INFO ] Validation F1: 0.0000
2025-06-22 23:41:46,158 [INFO ] Test F1: 0.0000
2025-06-22 23:41:46,232 [INFO ] Train F1: 0.4444
2025-06-22 23:41:46,308 [INFO ] Validation F1: 0.0000
2025-06-22 23:41:46,309 [INFO ] Test F1: 0.0000
